<?xml version="1.0" encoding="UTF-8"?>
<testsuite name="com.zakgof.velvet.test.SecondaryIndexTest" tests="31" skipped="0" failures="0" errors="0" timestamp="2022-06-29T11:04:27" hostname="ZAKHQ" time="1.882">
  <properties/>
  <testcase name="lteFirstDesc()" classname="com.zakgof.velvet.test.SecondaryIndexTest" time="0.974"/>
  <testcase name="gtDescMiddle()" classname="com.zakgof.velvet.test.SecondaryIndexTest" time="0.044"/>
  <testcase name="lteLastDesc()" classname="com.zakgof.velvet.test.SecondaryIndexTest" time="0.036"/>
  <testcase name="eqDesc()" classname="com.zakgof.velvet.test.SecondaryIndexTest" time="0.053"/>
  <testcase name="gtDesc()" classname="com.zakgof.velvet.test.SecondaryIndexTest" time="0.036"/>
  <testcase name="gtLast()" classname="com.zakgof.velvet.test.SecondaryIndexTest" time="0.042"/>
  <testcase name="eqAbsentMiddle()" classname="com.zakgof.velvet.test.SecondaryIndexTest" time="0.031"/>
  <testcase name="ltDesc()" classname="com.zakgof.velvet.test.SecondaryIndexTest" time="0.049"/>
  <testcase name="ltDescMiddle()" classname="com.zakgof.velvet.test.SecondaryIndexTest" time="0.034"/>
  <testcase name="gteLastDesc()" classname="com.zakgof.velvet.test.SecondaryIndexTest" time="0.026"/>
  <testcase name="eqAbsentUpDesc()" classname="com.zakgof.velvet.test.SecondaryIndexTest" time="0.021"/>
  <testcase name="eqAbsentDown()" classname="com.zakgof.velvet.test.SecondaryIndexTest" time="0.023"/>
  <testcase name="lteDescMiddle()" classname="com.zakgof.velvet.test.SecondaryIndexTest" time="0.024"/>
  <testcase name="eq()" classname="com.zakgof.velvet.test.SecondaryIndexTest" time="0.023"/>
  <testcase name="gt()" classname="com.zakgof.velvet.test.SecondaryIndexTest" time="0.044"/>
  <testcase name="lt()" classname="com.zakgof.velvet.test.SecondaryIndexTest" time="0.022"/>
  <testcase name="gte()" classname="com.zakgof.velvet.test.SecondaryIndexTest" time="0.022"/>
  <testcase name="lte()" classname="com.zakgof.velvet.test.SecondaryIndexTest" time="0.031"/>
  <testcase name="eqAbsentDownDesc()" classname="com.zakgof.velvet.test.SecondaryIndexTest" time="0.026"/>
  <testcase name="gteDesc()" classname="com.zakgof.velvet.test.SecondaryIndexTest" time="0.035"/>
  <testcase name="gteLast()" classname="com.zakgof.velvet.test.SecondaryIndexTest" time="0.027"/>
  <testcase name="gteNone()" classname="com.zakgof.velvet.test.SecondaryIndexTest" time="0.034"/>
  <testcase name="lteDesc()" classname="com.zakgof.velvet.test.SecondaryIndexTest" time="0.02"/>
  <testcase name="lteNone()" classname="com.zakgof.velvet.test.SecondaryIndexTest" time="0.02"/>
  <testcase name="gtLastDesc()" classname="com.zakgof.velvet.test.SecondaryIndexTest" time="0.02"/>
  <testcase name="eqAbsentUp()" classname="com.zakgof.velvet.test.SecondaryIndexTest" time="0.021"/>
  <testcase name="gtMiddle()" classname="com.zakgof.velvet.test.SecondaryIndexTest" time="0.019"/>
  <testcase name="ltDescAll()" classname="com.zakgof.velvet.test.SecondaryIndexTest" time="0.025"/>
  <testcase name="gteNoneDesc()" classname="com.zakgof.velvet.test.SecondaryIndexTest" time="0.015"/>
  <testcase name="eqAbsentMiddleDesc()" classname="com.zakgof.velvet.test.SecondaryIndexTest" time="0.016"/>
  <testcase name="ltDescLast()" classname="com.zakgof.velvet.test.SecondaryIndexTest" time="0.017"/>
  <system-out><![CDATA[[83, 109, 105, 116, 104, 48, 0]   ->   [65, 88, 48, -80]
[83, 109, 105, 116, 104, 48, 0]   ->   [65, 88, 49, -80]
[83, 109, 105, 116, 104, 48, 0]   ->   [65, 88, 50, -80]
[83, 109, 105, 116, 104, 48, 0]   ->   [65, 88, 51, -80]
[83, 109, 105, 116, 104, 48, 0]   ->   [65, 88, 52, -80]
[83, 109, 105, 116, 104, 49, 0]   ->   [65, 88, 48, -79]
[83, 109, 105, 116, 104, 49, 0]   ->   [65, 88, 49, -79]
[83, 109, 105, 116, 104, 49, 0]   ->   [65, 88, 50, -79]
[83, 109, 105, 116, 104, 49, 0]   ->   [65, 88, 51, -79]
[83, 109, 105, 116, 104, 49, 0]   ->   [65, 88, 52, -79]
[83, 109, 105, 116, 104, 50, 0]   ->   [65, 88, 48, -78]
[83, 109, 105, 116, 104, 50, 0]   ->   [65, 88, 49, -78]
[83, 109, 105, 116, 104, 50, 0]   ->   [65, 88, 50, -78]
[83, 109, 105, 116, 104, 50, 0]   ->   [65, 88, 51, -78]
[83, 109, 105, 116, 104, 50, 0]   ->   [65, 88, 52, -78]
[83, 109, 105, 116, 104, 51, 0]   ->   [65, 88, 48, -77]
[83, 109, 105, 116, 104, 51, 0]   ->   [65, 88, 49, -77]
[83, 109, 105, 116, 104, 51, 0]   ->   [65, 88, 50, -77]
[83, 109, 105, 116, 104, 51, 0]   ->   [65, 88, 51, -77]
[83, 109, 105, 116, 104, 51, 0]   ->   [65, 88, 52, -77]
[83, 109, 105, 116, 104, 52, 0]   ->   [65, 88, 48, -76]
[83, 109, 105, 116, 104, 52, 0]   ->   [65, 88, 49, -76]
[83, 109, 105, 116, 104, 52, 0]   ->   [65, 88, 50, -76]
[83, 109, 105, 116, 104, 52, 0]   ->   [65, 88, 51, -76]
[83, 109, 105, 116, 104, 52, 0]   ->   [65, 88, 52, -76]
[83, 109, 105, 116, 104, 53, 0]   ->   [65, 88, 48, -75]
[83, 109, 105, 116, 104, 53, 0]   ->   [65, 88, 49, -75]
[83, 109, 105, 116, 104, 53, 0]   ->   [65, 88, 50, -75]
[83, 109, 105, 116, 104, 53, 0]   ->   [65, 88, 51, -75]
[83, 109, 105, 116, 104, 53, 0]   ->   [65, 88, 52, -75]
[83, 109, 105, 116, 104, 54, 0]   ->   [65, 88, 48, -74]
[83, 109, 105, 116, 104, 54, 0]   ->   [65, 88, 49, -74]
[83, 109, 105, 116, 104, 54, 0]   ->   [65, 88, 50, -74]
[83, 109, 105, 116, 104, 54, 0]   ->   [65, 88, 51, -74]
[83, 109, 105, 116, 104, 54, 0]   ->   [65, 88, 52, -74]
[83, 109, 105, 116, 104, 55, 0]   ->   [65, 88, 48, -73]
[83, 109, 105, 116, 104, 55, 0]   ->   [65, 88, 49, -73]
[83, 109, 105, 116, 104, 55, 0]   ->   [65, 88, 50, -73]
[83, 109, 105, 116, 104, 55, 0]   ->   [65, 88, 51, -73]
[83, 109, 105, 116, 104, 55, 0]   ->   [65, 88, 52, -73]
[83, 109, 105, 116, 104, 56, 0]   ->   [65, 88, 48, -72]
[83, 109, 105, 116, 104, 56, 0]   ->   [65, 88, 49, -72]
[83, 109, 105, 116, 104, 56, 0]   ->   [65, 88, 50, -72]
[83, 109, 105, 116, 104, 56, 0]   ->   [65, 88, 51, -72]
[83, 109, 105, 116, 104, 56, 0]   ->   [65, 88, 52, -72]
[83, 109, 105, 116, 104, 57, 0]   ->   [65, 88, 48, -71]
[83, 109, 105, 116, 104, 57, 0]   ->   [65, 88, 49, -71]
[83, 109, 105, 116, 104, 57, 0]   ->   [65, 88, 50, -71]
[83, 109, 105, 116, 104, 57, 0]   ->   [65, 88, 51, -71]
[83, 109, 105, 116, 104, 57, 0]   ->   [65, 88, 52, -71]
[83, 109, 105, 116, 104, 48, 0]   ->   [65, 88, 48, -80]
[83, 109, 105, 116, 104, 48, 0]   ->   [65, 88, 49, -80]
[83, 109, 105, 116, 104, 48, 0]   ->   [65, 88, 50, -80]
[83, 109, 105, 116, 104, 48, 0]   ->   [65, 88, 51, -80]
[83, 109, 105, 116, 104, 48, 0]   ->   [65, 88, 52, -80]
[83, 109, 105, 116, 104, 49, 0]   ->   [65, 88, 48, -79]
[83, 109, 105, 116, 104, 49, 0]   ->   [65, 88, 49, -79]
[83, 109, 105, 116, 104, 49, 0]   ->   [65, 88, 50, -79]
[83, 109, 105, 116, 104, 49, 0]   ->   [65, 88, 51, -79]
[83, 109, 105, 116, 104, 49, 0]   ->   [65, 88, 52, -79]
[83, 109, 105, 116, 104, 50, 0]   ->   [65, 88, 48, -78]
[83, 109, 105, 116, 104, 50, 0]   ->   [65, 88, 49, -78]
[83, 109, 105, 116, 104, 50, 0]   ->   [65, 88, 50, -78]
[83, 109, 105, 116, 104, 50, 0]   ->   [65, 88, 51, -78]
[83, 109, 105, 116, 104, 50, 0]   ->   [65, 88, 52, -78]
[83, 109, 105, 116, 104, 51, 0]   ->   [65, 88, 48, -77]
[83, 109, 105, 116, 104, 51, 0]   ->   [65, 88, 49, -77]
[83, 109, 105, 116, 104, 51, 0]   ->   [65, 88, 50, -77]
[83, 109, 105, 116, 104, 51, 0]   ->   [65, 88, 51, -77]
[83, 109, 105, 116, 104, 51, 0]   ->   [65, 88, 52, -77]
[83, 109, 105, 116, 104, 52, 0]   ->   [65, 88, 48, -76]
[83, 109, 105, 116, 104, 52, 0]   ->   [65, 88, 49, -76]
[83, 109, 105, 116, 104, 52, 0]   ->   [65, 88, 50, -76]
[83, 109, 105, 116, 104, 52, 0]   ->   [65, 88, 51, -76]
[83, 109, 105, 116, 104, 52, 0]   ->   [65, 88, 52, -76]
[83, 109, 105, 116, 104, 53, 0]   ->   [65, 88, 48, -75]
[83, 109, 105, 116, 104, 53, 0]   ->   [65, 88, 49, -75]
[83, 109, 105, 116, 104, 53, 0]   ->   [65, 88, 50, -75]
[83, 109, 105, 116, 104, 53, 0]   ->   [65, 88, 51, -75]
[83, 109, 105, 116, 104, 53, 0]   ->   [65, 88, 52, -75]
[83, 109, 105, 116, 104, 54, 0]   ->   [65, 88, 48, -74]
[83, 109, 105, 116, 104, 54, 0]   ->   [65, 88, 49, -74]
[83, 109, 105, 116, 104, 54, 0]   ->   [65, 88, 50, -74]
[83, 109, 105, 116, 104, 54, 0]   ->   [65, 88, 51, -74]
[83, 109, 105, 116, 104, 54, 0]   ->   [65, 88, 52, -74]
[83, 109, 105, 116, 104, 55, 0]   ->   [65, 88, 48, -73]
[83, 109, 105, 116, 104, 55, 0]   ->   [65, 88, 49, -73]
[83, 109, 105, 116, 104, 55, 0]   ->   [65, 88, 50, -73]
[83, 109, 105, 116, 104, 55, 0]   ->   [65, 88, 51, -73]
[83, 109, 105, 116, 104, 55, 0]   ->   [65, 88, 52, -73]
[83, 109, 105, 116, 104, 56, 0]   ->   [65, 88, 48, -72]
[83, 109, 105, 116, 104, 56, 0]   ->   [65, 88, 49, -72]
[83, 109, 105, 116, 104, 56, 0]   ->   [65, 88, 50, -72]
[83, 109, 105, 116, 104, 56, 0]   ->   [65, 88, 51, -72]
[83, 109, 105, 116, 104, 56, 0]   ->   [65, 88, 52, -72]
[83, 109, 105, 116, 104, 57, 0]   ->   [65, 88, 48, -71]
[83, 109, 105, 116, 104, 57, 0]   ->   [65, 88, 49, -71]
[83, 109, 105, 116, 104, 57, 0]   ->   [65, 88, 50, -71]
[83, 109, 105, 116, 104, 57, 0]   ->   [65, 88, 51, -71]
[83, 109, 105, 116, 104, 57, 0]   ->   [65, 88, 52, -71]
[83, 109, 105, 116, 104, 48, 0]   ->   [65, 88, 48, -80]
[83, 109, 105, 116, 104, 48, 0]   ->   [65, 88, 49, -80]
[83, 109, 105, 116, 104, 48, 0]   ->   [65, 88, 50, -80]
[83, 109, 105, 116, 104, 48, 0]   ->   [65, 88, 51, -80]
[83, 109, 105, 116, 104, 48, 0]   ->   [65, 88, 52, -80]
[83, 109, 105, 116, 104, 49, 0]   ->   [65, 88, 48, -79]
[83, 109, 105, 116, 104, 49, 0]   ->   [65, 88, 49, -79]
[83, 109, 105, 116, 104, 49, 0]   ->   [65, 88, 50, -79]
[83, 109, 105, 116, 104, 49, 0]   ->   [65, 88, 51, -79]
[83, 109, 105, 116, 104, 49, 0]   ->   [65, 88, 52, -79]
[83, 109, 105, 116, 104, 50, 0]   ->   [65, 88, 48, -78]
[83, 109, 105, 116, 104, 50, 0]   ->   [65, 88, 49, -78]
[83, 109, 105, 116, 104, 50, 0]   ->   [65, 88, 50, -78]
[83, 109, 105, 116, 104, 50, 0]   ->   [65, 88, 51, -78]
[83, 109, 105, 116, 104, 50, 0]   ->   [65, 88, 52, -78]
[83, 109, 105, 116, 104, 51, 0]   ->   [65, 88, 48, -77]
[83, 109, 105, 116, 104, 51, 0]   ->   [65, 88, 49, -77]
[83, 109, 105, 116, 104, 51, 0]   ->   [65, 88, 50, -77]
[83, 109, 105, 116, 104, 51, 0]   ->   [65, 88, 51, -77]
[83, 109, 105, 116, 104, 51, 0]   ->   [65, 88, 52, -77]
[83, 109, 105, 116, 104, 52, 0]   ->   [65, 88, 48, -76]
[83, 109, 105, 116, 104, 52, 0]   ->   [65, 88, 49, -76]
[83, 109, 105, 116, 104, 52, 0]   ->   [65, 88, 50, -76]
[83, 109, 105, 116, 104, 52, 0]   ->   [65, 88, 51, -76]
[83, 109, 105, 116, 104, 52, 0]   ->   [65, 88, 52, -76]
[83, 109, 105, 116, 104, 53, 0]   ->   [65, 88, 48, -75]
[83, 109, 105, 116, 104, 53, 0]   ->   [65, 88, 49, -75]
[83, 109, 105, 116, 104, 53, 0]   ->   [65, 88, 50, -75]
[83, 109, 105, 116, 104, 53, 0]   ->   [65, 88, 51, -75]
[83, 109, 105, 116, 104, 53, 0]   ->   [65, 88, 52, -75]
[83, 109, 105, 116, 104, 54, 0]   ->   [65, 88, 48, -74]
[83, 109, 105, 116, 104, 54, 0]   ->   [65, 88, 49, -74]
[83, 109, 105, 116, 104, 54, 0]   ->   [65, 88, 50, -74]
[83, 109, 105, 116, 104, 54, 0]   ->   [65, 88, 51, -74]
[83, 109, 105, 116, 104, 54, 0]   ->   [65, 88, 52, -74]
[83, 109, 105, 116, 104, 55, 0]   ->   [65, 88, 48, -73]
[83, 109, 105, 116, 104, 55, 0]   ->   [65, 88, 49, -73]
[83, 109, 105, 116, 104, 55, 0]   ->   [65, 88, 50, -73]
[83, 109, 105, 116, 104, 55, 0]   ->   [65, 88, 51, -73]
[83, 109, 105, 116, 104, 55, 0]   ->   [65, 88, 52, -73]
[83, 109, 105, 116, 104, 56, 0]   ->   [65, 88, 48, -72]
[83, 109, 105, 116, 104, 56, 0]   ->   [65, 88, 49, -72]
[83, 109, 105, 116, 104, 56, 0]   ->   [65, 88, 50, -72]
[83, 109, 105, 116, 104, 56, 0]   ->   [65, 88, 51, -72]
[83, 109, 105, 116, 104, 56, 0]   ->   [65, 88, 52, -72]
[83, 109, 105, 116, 104, 57, 0]   ->   [65, 88, 48, -71]
[83, 109, 105, 116, 104, 57, 0]   ->   [65, 88, 49, -71]
[83, 109, 105, 116, 104, 57, 0]   ->   [65, 88, 50, -71]
[83, 109, 105, 116, 104, 57, 0]   ->   [65, 88, 51, -71]
[83, 109, 105, 116, 104, 57, 0]   ->   [65, 88, 52, -71]
[83, 109, 105, 116, 104, 48, 0]   ->   [65, 88, 48, -80]
[83, 109, 105, 116, 104, 48, 0]   ->   [65, 88, 49, -80]
[83, 109, 105, 116, 104, 48, 0]   ->   [65, 88, 50, -80]
[83, 109, 105, 116, 104, 48, 0]   ->   [65, 88, 51, -80]
[83, 109, 105, 116, 104, 48, 0]   ->   [65, 88, 52, -80]
[83, 109, 105, 116, 104, 49, 0]   ->   [65, 88, 48, -79]
[83, 109, 105, 116, 104, 49, 0]   ->   [65, 88, 49, -79]
[83, 109, 105, 116, 104, 49, 0]   ->   [65, 88, 50, -79]
[83, 109, 105, 116, 104, 49, 0]   ->   [65, 88, 51, -79]
[83, 109, 105, 116, 104, 49, 0]   ->   [65, 88, 52, -79]
[83, 109, 105, 116, 104, 50, 0]   ->   [65, 88, 48, -78]
[83, 109, 105, 116, 104, 50, 0]   ->   [65, 88, 49, -78]
[83, 109, 105, 116, 104, 50, 0]   ->   [65, 88, 50, -78]
[83, 109, 105, 116, 104, 50, 0]   ->   [65, 88, 51, -78]
[83, 109, 105, 116, 104, 50, 0]   ->   [65, 88, 52, -78]
[83, 109, 105, 116, 104, 51, 0]   ->   [65, 88, 48, -77]
[83, 109, 105, 116, 104, 51, 0]   ->   [65, 88, 49, -77]
[83, 109, 105, 116, 104, 51, 0]   ->   [65, 88, 50, -77]
[83, 109, 105, 116, 104, 51, 0]   ->   [65, 88, 51, -77]
[83, 109, 105, 116, 104, 51, 0]   ->   [65, 88, 52, -77]
[83, 109, 105, 116, 104, 52, 0]   ->   [65, 88, 48, -76]
[83, 109, 105, 116, 104, 52, 0]   ->   [65, 88, 49, -76]
[83, 109, 105, 116, 104, 52, 0]   ->   [65, 88, 50, -76]
[83, 109, 105, 116, 104, 52, 0]   ->   [65, 88, 51, -76]
[83, 109, 105, 116, 104, 52, 0]   ->   [65, 88, 52, -76]
[83, 109, 105, 116, 104, 53, 0]   ->   [65, 88, 48, -75]
[83, 109, 105, 116, 104, 53, 0]   ->   [65, 88, 49, -75]
[83, 109, 105, 116, 104, 53, 0]   ->   [65, 88, 50, -75]
[83, 109, 105, 116, 104, 53, 0]   ->   [65, 88, 51, -75]
[83, 109, 105, 116, 104, 53, 0]   ->   [65, 88, 52, -75]
[83, 109, 105, 116, 104, 54, 0]   ->   [65, 88, 48, -74]
[83, 109, 105, 116, 104, 54, 0]   ->   [65, 88, 49, -74]
[83, 109, 105, 116, 104, 54, 0]   ->   [65, 88, 50, -74]
[83, 109, 105, 116, 104, 54, 0]   ->   [65, 88, 51, -74]
[83, 109, 105, 116, 104, 54, 0]   ->   [65, 88, 52, -74]
[83, 109, 105, 116, 104, 55, 0]   ->   [65, 88, 48, -73]
[83, 109, 105, 116, 104, 55, 0]   ->   [65, 88, 49, -73]
[83, 109, 105, 116, 104, 55, 0]   ->   [65, 88, 50, -73]
[83, 109, 105, 116, 104, 55, 0]   ->   [65, 88, 51, -73]
[83, 109, 105, 116, 104, 55, 0]   ->   [65, 88, 52, -73]
[83, 109, 105, 116, 104, 56, 0]   ->   [65, 88, 48, -72]
[83, 109, 105, 116, 104, 56, 0]   ->   [65, 88, 49, -72]
[83, 109, 105, 116, 104, 56, 0]   ->   [65, 88, 50, -72]
[83, 109, 105, 116, 104, 56, 0]   ->   [65, 88, 51, -72]
[83, 109, 105, 116, 104, 56, 0]   ->   [65, 88, 52, -72]
[83, 109, 105, 116, 104, 57, 0]   ->   [65, 88, 48, -71]
[83, 109, 105, 116, 104, 57, 0]   ->   [65, 88, 49, -71]
[83, 109, 105, 116, 104, 57, 0]   ->   [65, 88, 50, -71]
[83, 109, 105, 116, 104, 57, 0]   ->   [65, 88, 51, -71]
[83, 109, 105, 116, 104, 57, 0]   ->   [65, 88, 52, -71]
[83, 109, 105, 116, 104, 48, 0]   ->   [65, 88, 48, -80]
[83, 109, 105, 116, 104, 48, 0]   ->   [65, 88, 49, -80]
[83, 109, 105, 116, 104, 48, 0]   ->   [65, 88, 50, -80]
[83, 109, 105, 116, 104, 48, 0]   ->   [65, 88, 51, -80]
[83, 109, 105, 116, 104, 48, 0]   ->   [65, 88, 52, -80]
[83, 109, 105, 116, 104, 49, 0]   ->   [65, 88, 48, -79]
[83, 109, 105, 116, 104, 49, 0]   ->   [65, 88, 49, -79]
[83, 109, 105, 116, 104, 49, 0]   ->   [65, 88, 50, -79]
[83, 109, 105, 116, 104, 49, 0]   ->   [65, 88, 51, -79]
[83, 109, 105, 116, 104, 49, 0]   ->   [65, 88, 52, -79]
[83, 109, 105, 116, 104, 50, 0]   ->   [65, 88, 48, -78]
[83, 109, 105, 116, 104, 50, 0]   ->   [65, 88, 49, -78]
[83, 109, 105, 116, 104, 50, 0]   ->   [65, 88, 50, -78]
[83, 109, 105, 116, 104, 50, 0]   ->   [65, 88, 51, -78]
[83, 109, 105, 116, 104, 50, 0]   ->   [65, 88, 52, -78]
[83, 109, 105, 116, 104, 51, 0]   ->   [65, 88, 48, -77]
[83, 109, 105, 116, 104, 51, 0]   ->   [65, 88, 49, -77]
[83, 109, 105, 116, 104, 51, 0]   ->   [65, 88, 50, -77]
[83, 109, 105, 116, 104, 51, 0]   ->   [65, 88, 51, -77]
[83, 109, 105, 116, 104, 51, 0]   ->   [65, 88, 52, -77]
[83, 109, 105, 116, 104, 52, 0]   ->   [65, 88, 48, -76]
[83, 109, 105, 116, 104, 52, 0]   ->   [65, 88, 49, -76]
[83, 109, 105, 116, 104, 52, 0]   ->   [65, 88, 50, -76]
[83, 109, 105, 116, 104, 52, 0]   ->   [65, 88, 51, -76]
[83, 109, 105, 116, 104, 52, 0]   ->   [65, 88, 52, -76]
[83, 109, 105, 116, 104, 53, 0]   ->   [65, 88, 48, -75]
[83, 109, 105, 116, 104, 53, 0]   ->   [65, 88, 49, -75]
[83, 109, 105, 116, 104, 53, 0]   ->   [65, 88, 50, -75]
[83, 109, 105, 116, 104, 53, 0]   ->   [65, 88, 51, -75]
[83, 109, 105, 116, 104, 53, 0]   ->   [65, 88, 52, -75]
[83, 109, 105, 116, 104, 54, 0]   ->   [65, 88, 48, -74]
[83, 109, 105, 116, 104, 54, 0]   ->   [65, 88, 49, -74]
[83, 109, 105, 116, 104, 54, 0]   ->   [65, 88, 50, -74]
[83, 109, 105, 116, 104, 54, 0]   ->   [65, 88, 51, -74]
[83, 109, 105, 116, 104, 54, 0]   ->   [65, 88, 52, -74]
[83, 109, 105, 116, 104, 55, 0]   ->   [65, 88, 48, -73]
[83, 109, 105, 116, 104, 55, 0]   ->   [65, 88, 49, -73]
[83, 109, 105, 116, 104, 55, 0]   ->   [65, 88, 50, -73]
[83, 109, 105, 116, 104, 55, 0]   ->   [65, 88, 51, -73]
[83, 109, 105, 116, 104, 55, 0]   ->   [65, 88, 52, -73]
[83, 109, 105, 116, 104, 56, 0]   ->   [65, 88, 48, -72]
[83, 109, 105, 116, 104, 56, 0]   ->   [65, 88, 49, -72]
[83, 109, 105, 116, 104, 56, 0]   ->   [65, 88, 50, -72]
[83, 109, 105, 116, 104, 56, 0]   ->   [65, 88, 51, -72]
[83, 109, 105, 116, 104, 56, 0]   ->   [65, 88, 52, -72]
[83, 109, 105, 116, 104, 57, 0]   ->   [65, 88, 48, -71]
[83, 109, 105, 116, 104, 57, 0]   ->   [65, 88, 49, -71]
[83, 109, 105, 116, 104, 57, 0]   ->   [65, 88, 50, -71]
[83, 109, 105, 116, 104, 57, 0]   ->   [65, 88, 51, -71]
[83, 109, 105, 116, 104, 57, 0]   ->   [65, 88, 52, -71]
[83, 109, 105, 116, 104, 48, 0]   ->   [65, 88, 48, -80]
[83, 109, 105, 116, 104, 48, 0]   ->   [65, 88, 49, -80]
[83, 109, 105, 116, 104, 48, 0]   ->   [65, 88, 50, -80]
[83, 109, 105, 116, 104, 48, 0]   ->   [65, 88, 51, -80]
[83, 109, 105, 116, 104, 48, 0]   ->   [65, 88, 52, -80]
[83, 109, 105, 116, 104, 49, 0]   ->   [65, 88, 48, -79]
[83, 109, 105, 116, 104, 49, 0]   ->   [65, 88, 49, -79]
[83, 109, 105, 116, 104, 49, 0]   ->   [65, 88, 50, -79]
[83, 109, 105, 116, 104, 49, 0]   ->   [65, 88, 51, -79]
[83, 109, 105, 116, 104, 49, 0]   ->   [65, 88, 52, -79]
[83, 109, 105, 116, 104, 50, 0]   ->   [65, 88, 48, -78]
[83, 109, 105, 116, 104, 50, 0]   ->   [65, 88, 49, -78]
[83, 109, 105, 116, 104, 50, 0]   ->   [65, 88, 50, -78]
[83, 109, 105, 116, 104, 50, 0]   ->   [65, 88, 51, -78]
[83, 109, 105, 116, 104, 50, 0]   ->   [65, 88, 52, -78]
[83, 109, 105, 116, 104, 51, 0]   ->   [65, 88, 48, -77]
[83, 109, 105, 116, 104, 51, 0]   ->   [65, 88, 49, -77]
[83, 109, 105, 116, 104, 51, 0]   ->   [65, 88, 50, -77]
[83, 109, 105, 116, 104, 51, 0]   ->   [65, 88, 51, -77]
[83, 109, 105, 116, 104, 51, 0]   ->   [65, 88, 52, -77]
[83, 109, 105, 116, 104, 52, 0]   ->   [65, 88, 48, -76]
[83, 109, 105, 116, 104, 52, 0]   ->   [65, 88, 49, -76]
[83, 109, 105, 116, 104, 52, 0]   ->   [65, 88, 50, -76]
[83, 109, 105, 116, 104, 52, 0]   ->   [65, 88, 51, -76]
[83, 109, 105, 116, 104, 52, 0]   ->   [65, 88, 52, -76]
[83, 109, 105, 116, 104, 53, 0]   ->   [65, 88, 48, -75]
[83, 109, 105, 116, 104, 53, 0]   ->   [65, 88, 49, -75]
[83, 109, 105, 116, 104, 53, 0]   ->   [65, 88, 50, -75]
[83, 109, 105, 116, 104, 53, 0]   ->   [65, 88, 51, -75]
[83, 109, 105, 116, 104, 53, 0]   ->   [65, 88, 52, -75]
[83, 109, 105, 116, 104, 54, 0]   ->   [65, 88, 48, -74]
[83, 109, 105, 116, 104, 54, 0]   ->   [65, 88, 49, -74]
[83, 109, 105, 116, 104, 54, 0]   ->   [65, 88, 50, -74]
[83, 109, 105, 116, 104, 54, 0]   ->   [65, 88, 51, -74]
[83, 109, 105, 116, 104, 54, 0]   ->   [65, 88, 52, -74]
[83, 109, 105, 116, 104, 55, 0]   ->   [65, 88, 48, -73]
[83, 109, 105, 116, 104, 55, 0]   ->   [65, 88, 49, -73]
[83, 109, 105, 116, 104, 55, 0]   ->   [65, 88, 50, -73]
[83, 109, 105, 116, 104, 55, 0]   ->   [65, 88, 51, -73]
[83, 109, 105, 116, 104, 55, 0]   ->   [65, 88, 52, -73]
[83, 109, 105, 116, 104, 56, 0]   ->   [65, 88, 48, -72]
[83, 109, 105, 116, 104, 56, 0]   ->   [65, 88, 49, -72]
[83, 109, 105, 116, 104, 56, 0]   ->   [65, 88, 50, -72]
[83, 109, 105, 116, 104, 56, 0]   ->   [65, 88, 51, -72]
[83, 109, 105, 116, 104, 56, 0]   ->   [65, 88, 52, -72]
[83, 109, 105, 116, 104, 57, 0]   ->   [65, 88, 48, -71]
[83, 109, 105, 116, 104, 57, 0]   ->   [65, 88, 49, -71]
[83, 109, 105, 116, 104, 57, 0]   ->   [65, 88, 50, -71]
[83, 109, 105, 116, 104, 57, 0]   ->   [65, 88, 51, -71]
[83, 109, 105, 116, 104, 57, 0]   ->   [65, 88, 52, -71]
[83, 109, 105, 116, 104, 48, 0]   ->   [65, 88, 48, -80]
[83, 109, 105, 116, 104, 48, 0]   ->   [65, 88, 49, -80]
[83, 109, 105, 116, 104, 48, 0]   ->   [65, 88, 50, -80]
[83, 109, 105, 116, 104, 48, 0]   ->   [65, 88, 51, -80]
[83, 109, 105, 116, 104, 48, 0]   ->   [65, 88, 52, -80]
[83, 109, 105, 116, 104, 49, 0]   ->   [65, 88, 48, -79]
[83, 109, 105, 116, 104, 49, 0]   ->   [65, 88, 49, -79]
[83, 109, 105, 116, 104, 49, 0]   ->   [65, 88, 50, -79]
[83, 109, 105, 116, 104, 49, 0]   ->   [65, 88, 51, -79]
[83, 109, 105, 116, 104, 49, 0]   ->   [65, 88, 52, -79]
[83, 109, 105, 116, 104, 50, 0]   ->   [65, 88, 48, -78]
[83, 109, 105, 116, 104, 50, 0]   ->   [65, 88, 49, -78]
[83, 109, 105, 116, 104, 50, 0]   ->   [65, 88, 50, -78]
[83, 109, 105, 116, 104, 50, 0]   ->   [65, 88, 51, -78]
[83, 109, 105, 116, 104, 50, 0]   ->   [65, 88, 52, -78]
[83, 109, 105, 116, 104, 51, 0]   ->   [65, 88, 48, -77]
[83, 109, 105, 116, 104, 51, 0]   ->   [65, 88, 49, -77]
[83, 109, 105, 116, 104, 51, 0]   ->   [65, 88, 50, -77]
[83, 109, 105, 116, 104, 51, 0]   ->   [65, 88, 51, -77]
[83, 109, 105, 116, 104, 51, 0]   ->   [65, 88, 52, -77]
[83, 109, 105, 116, 104, 52, 0]   ->   [65, 88, 48, -76]
[83, 109, 105, 116, 104, 52, 0]   ->   [65, 88, 49, -76]
[83, 109, 105, 116, 104, 52, 0]   ->   [65, 88, 50, -76]
[83, 109, 105, 116, 104, 52, 0]   ->   [65, 88, 51, -76]
[83, 109, 105, 116, 104, 52, 0]   ->   [65, 88, 52, -76]
[83, 109, 105, 116, 104, 53, 0]   ->   [65, 88, 48, -75]
[83, 109, 105, 116, 104, 53, 0]   ->   [65, 88, 49, -75]
[83, 109, 105, 116, 104, 53, 0]   ->   [65, 88, 50, -75]
[83, 109, 105, 116, 104, 53, 0]   ->   [65, 88, 51, -75]
[83, 109, 105, 116, 104, 53, 0]   ->   [65, 88, 52, -75]
[83, 109, 105, 116, 104, 54, 0]   ->   [65, 88, 48, -74]
[83, 109, 105, 116, 104, 54, 0]   ->   [65, 88, 49, -74]
[83, 109, 105, 116, 104, 54, 0]   ->   [65, 88, 50, -74]
[83, 109, 105, 116, 104, 54, 0]   ->   [65, 88, 51, -74]
[83, 109, 105, 116, 104, 54, 0]   ->   [65, 88, 52, -74]
[83, 109, 105, 116, 104, 55, 0]   ->   [65, 88, 48, -73]
[83, 109, 105, 116, 104, 55, 0]   ->   [65, 88, 49, -73]
[83, 109, 105, 116, 104, 55, 0]   ->   [65, 88, 50, -73]
[83, 109, 105, 116, 104, 55, 0]   ->   [65, 88, 51, -73]
[83, 109, 105, 116, 104, 55, 0]   ->   [65, 88, 52, -73]
[83, 109, 105, 116, 104, 56, 0]   ->   [65, 88, 48, -72]
[83, 109, 105, 116, 104, 56, 0]   ->   [65, 88, 49, -72]
[83, 109, 105, 116, 104, 56, 0]   ->   [65, 88, 50, -72]
[83, 109, 105, 116, 104, 56, 0]   ->   [65, 88, 51, -72]
[83, 109, 105, 116, 104, 56, 0]   ->   [65, 88, 52, -72]
[83, 109, 105, 116, 104, 57, 0]   ->   [65, 88, 48, -71]
[83, 109, 105, 116, 104, 57, 0]   ->   [65, 88, 49, -71]
[83, 109, 105, 116, 104, 57, 0]   ->   [65, 88, 50, -71]
[83, 109, 105, 116, 104, 57, 0]   ->   [65, 88, 51, -71]
[83, 109, 105, 116, 104, 57, 0]   ->   [65, 88, 52, -71]
[83, 109, 105, 116, 104, 48, 0]   ->   [65, 88, 48, -80]
[83, 109, 105, 116, 104, 48, 0]   ->   [65, 88, 49, -80]
[83, 109, 105, 116, 104, 48, 0]   ->   [65, 88, 50, -80]
[83, 109, 105, 116, 104, 48, 0]   ->   [65, 88, 51, -80]
[83, 109, 105, 116, 104, 48, 0]   ->   [65, 88, 52, -80]
[83, 109, 105, 116, 104, 49, 0]   ->   [65, 88, 48, -79]
[83, 109, 105, 116, 104, 49, 0]   ->   [65, 88, 49, -79]
[83, 109, 105, 116, 104, 49, 0]   ->   [65, 88, 50, -79]
[83, 109, 105, 116, 104, 49, 0]   ->   [65, 88, 51, -79]
[83, 109, 105, 116, 104, 49, 0]   ->   [65, 88, 52, -79]
[83, 109, 105, 116, 104, 50, 0]   ->   [65, 88, 48, -78]
[83, 109, 105, 116, 104, 50, 0]   ->   [65, 88, 49, -78]
[83, 109, 105, 116, 104, 50, 0]   ->   [65, 88, 50, -78]
[83, 109, 105, 116, 104, 50, 0]   ->   [65, 88, 51, -78]
[83, 109, 105, 116, 104, 50, 0]   ->   [65, 88, 52, -78]
[83, 109, 105, 116, 104, 51, 0]   ->   [65, 88, 48, -77]
[83, 109, 105, 116, 104, 51, 0]   ->   [65, 88, 49, -77]
[83, 109, 105, 116, 104, 51, 0]   ->   [65, 88, 50, -77]
[83, 109, 105, 116, 104, 51, 0]   ->   [65, 88, 51, -77]
[83, 109, 105, 116, 104, 51, 0]   ->   [65, 88, 52, -77]
[83, 109, 105, 116, 104, 52, 0]   ->   [65, 88, 48, -76]
[83, 109, 105, 116, 104, 52, 0]   ->   [65, 88, 49, -76]
[83, 109, 105, 116, 104, 52, 0]   ->   [65, 88, 50, -76]
[83, 109, 105, 116, 104, 52, 0]   ->   [65, 88, 51, -76]
[83, 109, 105, 116, 104, 52, 0]   ->   [65, 88, 52, -76]
[83, 109, 105, 116, 104, 53, 0]   ->   [65, 88, 48, -75]
[83, 109, 105, 116, 104, 53, 0]   ->   [65, 88, 49, -75]
[83, 109, 105, 116, 104, 53, 0]   ->   [65, 88, 50, -75]
[83, 109, 105, 116, 104, 53, 0]   ->   [65, 88, 51, -75]
[83, 109, 105, 116, 104, 53, 0]   ->   [65, 88, 52, -75]
[83, 109, 105, 116, 104, 54, 0]   ->   [65, 88, 48, -74]
[83, 109, 105, 116, 104, 54, 0]   ->   [65, 88, 49, -74]
[83, 109, 105, 116, 104, 54, 0]   ->   [65, 88, 50, -74]
[83, 109, 105, 116, 104, 54, 0]   ->   [65, 88, 51, -74]
[83, 109, 105, 116, 104, 54, 0]   ->   [65, 88, 52, -74]
[83, 109, 105, 116, 104, 55, 0]   ->   [65, 88, 48, -73]
[83, 109, 105, 116, 104, 55, 0]   ->   [65, 88, 49, -73]
[83, 109, 105, 116, 104, 55, 0]   ->   [65, 88, 50, -73]
[83, 109, 105, 116, 104, 55, 0]   ->   [65, 88, 51, -73]
[83, 109, 105, 116, 104, 55, 0]   ->   [65, 88, 52, -73]
[83, 109, 105, 116, 104, 56, 0]   ->   [65, 88, 48, -72]
[83, 109, 105, 116, 104, 56, 0]   ->   [65, 88, 49, -72]
[83, 109, 105, 116, 104, 56, 0]   ->   [65, 88, 50, -72]
[83, 109, 105, 116, 104, 56, 0]   ->   [65, 88, 51, -72]
[83, 109, 105, 116, 104, 56, 0]   ->   [65, 88, 52, -72]
[83, 109, 105, 116, 104, 57, 0]   ->   [65, 88, 48, -71]
[83, 109, 105, 116, 104, 57, 0]   ->   [65, 88, 49, -71]
[83, 109, 105, 116, 104, 57, 0]   ->   [65, 88, 50, -71]
[83, 109, 105, 116, 104, 57, 0]   ->   [65, 88, 51, -71]
[83, 109, 105, 116, 104, 57, 0]   ->   [65, 88, 52, -71]
[83, 109, 105, 116, 104, 48, 0]   ->   [65, 88, 48, -80]
[83, 109, 105, 116, 104, 48, 0]   ->   [65, 88, 49, -80]
[83, 109, 105, 116, 104, 48, 0]   ->   [65, 88, 50, -80]
[83, 109, 105, 116, 104, 48, 0]   ->   [65, 88, 51, -80]
[83, 109, 105, 116, 104, 48, 0]   ->   [65, 88, 52, -80]
[83, 109, 105, 116, 104, 49, 0]   ->   [65, 88, 48, -79]
[83, 109, 105, 116, 104, 49, 0]   ->   [65, 88, 49, -79]
[83, 109, 105, 116, 104, 49, 0]   ->   [65, 88, 50, -79]
[83, 109, 105, 116, 104, 49, 0]   ->   [65, 88, 51, -79]
[83, 109, 105, 116, 104, 49, 0]   ->   [65, 88, 52, -79]
[83, 109, 105, 116, 104, 50, 0]   ->   [65, 88, 48, -78]
[83, 109, 105, 116, 104, 50, 0]   ->   [65, 88, 49, -78]
[83, 109, 105, 116, 104, 50, 0]   ->   [65, 88, 50, -78]
[83, 109, 105, 116, 104, 50, 0]   ->   [65, 88, 51, -78]
[83, 109, 105, 116, 104, 50, 0]   ->   [65, 88, 52, -78]
[83, 109, 105, 116, 104, 51, 0]   ->   [65, 88, 48, -77]
[83, 109, 105, 116, 104, 51, 0]   ->   [65, 88, 49, -77]
[83, 109, 105, 116, 104, 51, 0]   ->   [65, 88, 50, -77]
[83, 109, 105, 116, 104, 51, 0]   ->   [65, 88, 51, -77]
[83, 109, 105, 116, 104, 51, 0]   ->   [65, 88, 52, -77]
[83, 109, 105, 116, 104, 52, 0]   ->   [65, 88, 48, -76]
[83, 109, 105, 116, 104, 52, 0]   ->   [65, 88, 49, -76]
[83, 109, 105, 116, 104, 52, 0]   ->   [65, 88, 50, -76]
[83, 109, 105, 116, 104, 52, 0]   ->   [65, 88, 51, -76]
[83, 109, 105, 116, 104, 52, 0]   ->   [65, 88, 52, -76]
[83, 109, 105, 116, 104, 53, 0]   ->   [65, 88, 48, -75]
[83, 109, 105, 116, 104, 53, 0]   ->   [65, 88, 49, -75]
[83, 109, 105, 116, 104, 53, 0]   ->   [65, 88, 50, -75]
[83, 109, 105, 116, 104, 53, 0]   ->   [65, 88, 51, -75]
[83, 109, 105, 116, 104, 53, 0]   ->   [65, 88, 52, -75]
[83, 109, 105, 116, 104, 54, 0]   ->   [65, 88, 48, -74]
[83, 109, 105, 116, 104, 54, 0]   ->   [65, 88, 49, -74]
[83, 109, 105, 116, 104, 54, 0]   ->   [65, 88, 50, -74]
[83, 109, 105, 116, 104, 54, 0]   ->   [65, 88, 51, -74]
[83, 109, 105, 116, 104, 54, 0]   ->   [65, 88, 52, -74]
[83, 109, 105, 116, 104, 55, 0]   ->   [65, 88, 48, -73]
[83, 109, 105, 116, 104, 55, 0]   ->   [65, 88, 49, -73]
[83, 109, 105, 116, 104, 55, 0]   ->   [65, 88, 50, -73]
[83, 109, 105, 116, 104, 55, 0]   ->   [65, 88, 51, -73]
[83, 109, 105, 116, 104, 55, 0]   ->   [65, 88, 52, -73]
[83, 109, 105, 116, 104, 56, 0]   ->   [65, 88, 48, -72]
[83, 109, 105, 116, 104, 56, 0]   ->   [65, 88, 49, -72]
[83, 109, 105, 116, 104, 56, 0]   ->   [65, 88, 50, -72]
[83, 109, 105, 116, 104, 56, 0]   ->   [65, 88, 51, -72]
[83, 109, 105, 116, 104, 56, 0]   ->   [65, 88, 52, -72]
[83, 109, 105, 116, 104, 57, 0]   ->   [65, 88, 48, -71]
[83, 109, 105, 116, 104, 57, 0]   ->   [65, 88, 49, -71]
[83, 109, 105, 116, 104, 57, 0]   ->   [65, 88, 50, -71]
[83, 109, 105, 116, 104, 57, 0]   ->   [65, 88, 51, -71]
[83, 109, 105, 116, 104, 57, 0]   ->   [65, 88, 52, -71]
[83, 109, 105, 116, 104, 48, 0]   ->   [65, 88, 48, -80]
[83, 109, 105, 116, 104, 48, 0]   ->   [65, 88, 49, -80]
[83, 109, 105, 116, 104, 48, 0]   ->   [65, 88, 50, -80]
[83, 109, 105, 116, 104, 48, 0]   ->   [65, 88, 51, -80]
[83, 109, 105, 116, 104, 48, 0]   ->   [65, 88, 52, -80]
[83, 109, 105, 116, 104, 49, 0]   ->   [65, 88, 48, -79]
[83, 109, 105, 116, 104, 49, 0]   ->   [65, 88, 49, -79]
[83, 109, 105, 116, 104, 49, 0]   ->   [65, 88, 50, -79]
[83, 109, 105, 116, 104, 49, 0]   ->   [65, 88, 51, -79]
[83, 109, 105, 116, 104, 49, 0]   ->   [65, 88, 52, -79]
[83, 109, 105, 116, 104, 50, 0]   ->   [65, 88, 48, -78]
[83, 109, 105, 116, 104, 50, 0]   ->   [65, 88, 49, -78]
[83, 109, 105, 116, 104, 50, 0]   ->   [65, 88, 50, -78]
[83, 109, 105, 116, 104, 50, 0]   ->   [65, 88, 51, -78]
[83, 109, 105, 116, 104, 50, 0]   ->   [65, 88, 52, -78]
[83, 109, 105, 116, 104, 51, 0]   ->   [65, 88, 48, -77]
[83, 109, 105, 116, 104, 51, 0]   ->   [65, 88, 49, -77]
[83, 109, 105, 116, 104, 51, 0]   ->   [65, 88, 50, -77]
[83, 109, 105, 116, 104, 51, 0]   ->   [65, 88, 51, -77]
[83, 109, 105, 116, 104, 51, 0]   ->   [65, 88, 52, -77]
[83, 109, 105, 116, 104, 52, 0]   ->   [65, 88, 48, -76]
[83, 109, 105, 116, 104, 52, 0]   ->   [65, 88, 49, -76]
[83, 109, 105, 116, 104, 52, 0]   ->   [65, 88, 50, -76]
[83, 109, 105, 116, 104, 52, 0]   ->   [65, 88, 51, -76]
[83, 109, 105, 116, 104, 52, 0]   ->   [65, 88, 52, -76]
[83, 109, 105, 116, 104, 53, 0]   ->   [65, 88, 48, -75]
[83, 109, 105, 116, 104, 53, 0]   ->   [65, 88, 49, -75]
[83, 109, 105, 116, 104, 53, 0]   ->   [65, 88, 50, -75]
[83, 109, 105, 116, 104, 53, 0]   ->   [65, 88, 51, -75]
[83, 109, 105, 116, 104, 53, 0]   ->   [65, 88, 52, -75]
[83, 109, 105, 116, 104, 54, 0]   ->   [65, 88, 48, -74]
[83, 109, 105, 116, 104, 54, 0]   ->   [65, 88, 49, -74]
[83, 109, 105, 116, 104, 54, 0]   ->   [65, 88, 50, -74]
[83, 109, 105, 116, 104, 54, 0]   ->   [65, 88, 51, -74]
[83, 109, 105, 116, 104, 54, 0]   ->   [65, 88, 52, -74]
[83, 109, 105, 116, 104, 55, 0]   ->   [65, 88, 48, -73]
[83, 109, 105, 116, 104, 55, 0]   ->   [65, 88, 49, -73]
[83, 109, 105, 116, 104, 55, 0]   ->   [65, 88, 50, -73]
[83, 109, 105, 116, 104, 55, 0]   ->   [65, 88, 51, -73]
[83, 109, 105, 116, 104, 55, 0]   ->   [65, 88, 52, -73]
[83, 109, 105, 116, 104, 56, 0]   ->   [65, 88, 48, -72]
[83, 109, 105, 116, 104, 56, 0]   ->   [65, 88, 49, -72]
[83, 109, 105, 116, 104, 56, 0]   ->   [65, 88, 50, -72]
[83, 109, 105, 116, 104, 56, 0]   ->   [65, 88, 51, -72]
[83, 109, 105, 116, 104, 56, 0]   ->   [65, 88, 52, -72]
[83, 109, 105, 116, 104, 57, 0]   ->   [65, 88, 48, -71]
[83, 109, 105, 116, 104, 57, 0]   ->   [65, 88, 49, -71]
[83, 109, 105, 116, 104, 57, 0]   ->   [65, 88, 50, -71]
[83, 109, 105, 116, 104, 57, 0]   ->   [65, 88, 51, -71]
[83, 109, 105, 116, 104, 57, 0]   ->   [65, 88, 52, -71]
[83, 109, 105, 116, 104, 48, 0]   ->   [65, 88, 48, -80]
[83, 109, 105, 116, 104, 48, 0]   ->   [65, 88, 49, -80]
[83, 109, 105, 116, 104, 48, 0]   ->   [65, 88, 50, -80]
[83, 109, 105, 116, 104, 48, 0]   ->   [65, 88, 51, -80]
[83, 109, 105, 116, 104, 48, 0]   ->   [65, 88, 52, -80]
[83, 109, 105, 116, 104, 49, 0]   ->   [65, 88, 48, -79]
[83, 109, 105, 116, 104, 49, 0]   ->   [65, 88, 49, -79]
[83, 109, 105, 116, 104, 49, 0]   ->   [65, 88, 50, -79]
[83, 109, 105, 116, 104, 49, 0]   ->   [65, 88, 51, -79]
[83, 109, 105, 116, 104, 49, 0]   ->   [65, 88, 52, -79]
[83, 109, 105, 116, 104, 50, 0]   ->   [65, 88, 48, -78]
[83, 109, 105, 116, 104, 50, 0]   ->   [65, 88, 49, -78]
[83, 109, 105, 116, 104, 50, 0]   ->   [65, 88, 50, -78]
[83, 109, 105, 116, 104, 50, 0]   ->   [65, 88, 51, -78]
[83, 109, 105, 116, 104, 50, 0]   ->   [65, 88, 52, -78]
[83, 109, 105, 116, 104, 51, 0]   ->   [65, 88, 48, -77]
[83, 109, 105, 116, 104, 51, 0]   ->   [65, 88, 49, -77]
[83, 109, 105, 116, 104, 51, 0]   ->   [65, 88, 50, -77]
[83, 109, 105, 116, 104, 51, 0]   ->   [65, 88, 51, -77]
[83, 109, 105, 116, 104, 51, 0]   ->   [65, 88, 52, -77]
[83, 109, 105, 116, 104, 52, 0]   ->   [65, 88, 48, -76]
[83, 109, 105, 116, 104, 52, 0]   ->   [65, 88, 49, -76]
[83, 109, 105, 116, 104, 52, 0]   ->   [65, 88, 50, -76]
[83, 109, 105, 116, 104, 52, 0]   ->   [65, 88, 51, -76]
[83, 109, 105, 116, 104, 52, 0]   ->   [65, 88, 52, -76]
[83, 109, 105, 116, 104, 53, 0]   ->   [65, 88, 48, -75]
[83, 109, 105, 116, 104, 53, 0]   ->   [65, 88, 49, -75]
[83, 109, 105, 116, 104, 53, 0]   ->   [65, 88, 50, -75]
[83, 109, 105, 116, 104, 53, 0]   ->   [65, 88, 51, -75]
[83, 109, 105, 116, 104, 53, 0]   ->   [65, 88, 52, -75]
[83, 109, 105, 116, 104, 54, 0]   ->   [65, 88, 48, -74]
[83, 109, 105, 116, 104, 54, 0]   ->   [65, 88, 49, -74]
[83, 109, 105, 116, 104, 54, 0]   ->   [65, 88, 50, -74]
[83, 109, 105, 116, 104, 54, 0]   ->   [65, 88, 51, -74]
[83, 109, 105, 116, 104, 54, 0]   ->   [65, 88, 52, -74]
[83, 109, 105, 116, 104, 55, 0]   ->   [65, 88, 48, -73]
[83, 109, 105, 116, 104, 55, 0]   ->   [65, 88, 49, -73]
[83, 109, 105, 116, 104, 55, 0]   ->   [65, 88, 50, -73]
[83, 109, 105, 116, 104, 55, 0]   ->   [65, 88, 51, -73]
[83, 109, 105, 116, 104, 55, 0]   ->   [65, 88, 52, -73]
[83, 109, 105, 116, 104, 56, 0]   ->   [65, 88, 48, -72]
[83, 109, 105, 116, 104, 56, 0]   ->   [65, 88, 49, -72]
[83, 109, 105, 116, 104, 56, 0]   ->   [65, 88, 50, -72]
[83, 109, 105, 116, 104, 56, 0]   ->   [65, 88, 51, -72]
[83, 109, 105, 116, 104, 56, 0]   ->   [65, 88, 52, -72]
[83, 109, 105, 116, 104, 57, 0]   ->   [65, 88, 48, -71]
[83, 109, 105, 116, 104, 57, 0]   ->   [65, 88, 49, -71]
[83, 109, 105, 116, 104, 57, 0]   ->   [65, 88, 50, -71]
[83, 109, 105, 116, 104, 57, 0]   ->   [65, 88, 51, -71]
[83, 109, 105, 116, 104, 57, 0]   ->   [65, 88, 52, -71]
[83, 109, 105, 116, 104, 48, 0]   ->   [65, 88, 48, -80]
[83, 109, 105, 116, 104, 48, 0]   ->   [65, 88, 49, -80]
[83, 109, 105, 116, 104, 48, 0]   ->   [65, 88, 50, -80]
[83, 109, 105, 116, 104, 48, 0]   ->   [65, 88, 51, -80]
[83, 109, 105, 116, 104, 48, 0]   ->   [65, 88, 52, -80]
[83, 109, 105, 116, 104, 49, 0]   ->   [65, 88, 48, -79]
[83, 109, 105, 116, 104, 49, 0]   ->   [65, 88, 49, -79]
[83, 109, 105, 116, 104, 49, 0]   ->   [65, 88, 50, -79]
[83, 109, 105, 116, 104, 49, 0]   ->   [65, 88, 51, -79]
[83, 109, 105, 116, 104, 49, 0]   ->   [65, 88, 52, -79]
[83, 109, 105, 116, 104, 50, 0]   ->   [65, 88, 48, -78]
[83, 109, 105, 116, 104, 50, 0]   ->   [65, 88, 49, -78]
[83, 109, 105, 116, 104, 50, 0]   ->   [65, 88, 50, -78]
[83, 109, 105, 116, 104, 50, 0]   ->   [65, 88, 51, -78]
[83, 109, 105, 116, 104, 50, 0]   ->   [65, 88, 52, -78]
[83, 109, 105, 116, 104, 51, 0]   ->   [65, 88, 48, -77]
[83, 109, 105, 116, 104, 51, 0]   ->   [65, 88, 49, -77]
[83, 109, 105, 116, 104, 51, 0]   ->   [65, 88, 50, -77]
[83, 109, 105, 116, 104, 51, 0]   ->   [65, 88, 51, -77]
[83, 109, 105, 116, 104, 51, 0]   ->   [65, 88, 52, -77]
[83, 109, 105, 116, 104, 52, 0]   ->   [65, 88, 48, -76]
[83, 109, 105, 116, 104, 52, 0]   ->   [65, 88, 49, -76]
[83, 109, 105, 116, 104, 52, 0]   ->   [65, 88, 50, -76]
[83, 109, 105, 116, 104, 52, 0]   ->   [65, 88, 51, -76]
[83, 109, 105, 116, 104, 52, 0]   ->   [65, 88, 52, -76]
[83, 109, 105, 116, 104, 53, 0]   ->   [65, 88, 48, -75]
[83, 109, 105, 116, 104, 53, 0]   ->   [65, 88, 49, -75]
[83, 109, 105, 116, 104, 53, 0]   ->   [65, 88, 50, -75]
[83, 109, 105, 116, 104, 53, 0]   ->   [65, 88, 51, -75]
[83, 109, 105, 116, 104, 53, 0]   ->   [65, 88, 52, -75]
[83, 109, 105, 116, 104, 54, 0]   ->   [65, 88, 48, -74]
[83, 109, 105, 116, 104, 54, 0]   ->   [65, 88, 49, -74]
[83, 109, 105, 116, 104, 54, 0]   ->   [65, 88, 50, -74]
[83, 109, 105, 116, 104, 54, 0]   ->   [65, 88, 51, -74]
[83, 109, 105, 116, 104, 54, 0]   ->   [65, 88, 52, -74]
[83, 109, 105, 116, 104, 55, 0]   ->   [65, 88, 48, -73]
[83, 109, 105, 116, 104, 55, 0]   ->   [65, 88, 49, -73]
[83, 109, 105, 116, 104, 55, 0]   ->   [65, 88, 50, -73]
[83, 109, 105, 116, 104, 55, 0]   ->   [65, 88, 51, -73]
[83, 109, 105, 116, 104, 55, 0]   ->   [65, 88, 52, -73]
[83, 109, 105, 116, 104, 56, 0]   ->   [65, 88, 48, -72]
[83, 109, 105, 116, 104, 56, 0]   ->   [65, 88, 49, -72]
[83, 109, 105, 116, 104, 56, 0]   ->   [65, 88, 50, -72]
[83, 109, 105, 116, 104, 56, 0]   ->   [65, 88, 51, -72]
[83, 109, 105, 116, 104, 56, 0]   ->   [65, 88, 52, -72]
[83, 109, 105, 116, 104, 57, 0]   ->   [65, 88, 48, -71]
[83, 109, 105, 116, 104, 57, 0]   ->   [65, 88, 49, -71]
[83, 109, 105, 116, 104, 57, 0]   ->   [65, 88, 50, -71]
[83, 109, 105, 116, 104, 57, 0]   ->   [65, 88, 51, -71]
[83, 109, 105, 116, 104, 57, 0]   ->   [65, 88, 52, -71]
[83, 109, 105, 116, 104, 48, 0]   ->   [65, 88, 48, -80]
[83, 109, 105, 116, 104, 48, 0]   ->   [65, 88, 49, -80]
[83, 109, 105, 116, 104, 48, 0]   ->   [65, 88, 50, -80]
[83, 109, 105, 116, 104, 48, 0]   ->   [65, 88, 51, -80]
[83, 109, 105, 116, 104, 48, 0]   ->   [65, 88, 52, -80]
[83, 109, 105, 116, 104, 49, 0]   ->   [65, 88, 48, -79]
[83, 109, 105, 116, 104, 49, 0]   ->   [65, 88, 49, -79]
[83, 109, 105, 116, 104, 49, 0]   ->   [65, 88, 50, -79]
[83, 109, 105, 116, 104, 49, 0]   ->   [65, 88, 51, -79]
[83, 109, 105, 116, 104, 49, 0]   ->   [65, 88, 52, -79]
[83, 109, 105, 116, 104, 50, 0]   ->   [65, 88, 48, -78]
[83, 109, 105, 116, 104, 50, 0]   ->   [65, 88, 49, -78]
[83, 109, 105, 116, 104, 50, 0]   ->   [65, 88, 50, -78]
[83, 109, 105, 116, 104, 50, 0]   ->   [65, 88, 51, -78]
[83, 109, 105, 116, 104, 50, 0]   ->   [65, 88, 52, -78]
[83, 109, 105, 116, 104, 51, 0]   ->   [65, 88, 48, -77]
[83, 109, 105, 116, 104, 51, 0]   ->   [65, 88, 49, -77]
[83, 109, 105, 116, 104, 51, 0]   ->   [65, 88, 50, -77]
[83, 109, 105, 116, 104, 51, 0]   ->   [65, 88, 51, -77]
[83, 109, 105, 116, 104, 51, 0]   ->   [65, 88, 52, -77]
[83, 109, 105, 116, 104, 52, 0]   ->   [65, 88, 48, -76]
[83, 109, 105, 116, 104, 52, 0]   ->   [65, 88, 49, -76]
[83, 109, 105, 116, 104, 52, 0]   ->   [65, 88, 50, -76]
[83, 109, 105, 116, 104, 52, 0]   ->   [65, 88, 51, -76]
[83, 109, 105, 116, 104, 52, 0]   ->   [65, 88, 52, -76]
[83, 109, 105, 116, 104, 53, 0]   ->   [65, 88, 48, -75]
[83, 109, 105, 116, 104, 53, 0]   ->   [65, 88, 49, -75]
[83, 109, 105, 116, 104, 53, 0]   ->   [65, 88, 50, -75]
[83, 109, 105, 116, 104, 53, 0]   ->   [65, 88, 51, -75]
[83, 109, 105, 116, 104, 53, 0]   ->   [65, 88, 52, -75]
[83, 109, 105, 116, 104, 54, 0]   ->   [65, 88, 48, -74]
[83, 109, 105, 116, 104, 54, 0]   ->   [65, 88, 49, -74]
[83, 109, 105, 116, 104, 54, 0]   ->   [65, 88, 50, -74]
[83, 109, 105, 116, 104, 54, 0]   ->   [65, 88, 51, -74]
[83, 109, 105, 116, 104, 54, 0]   ->   [65, 88, 52, -74]
[83, 109, 105, 116, 104, 55, 0]   ->   [65, 88, 48, -73]
[83, 109, 105, 116, 104, 55, 0]   ->   [65, 88, 49, -73]
[83, 109, 105, 116, 104, 55, 0]   ->   [65, 88, 50, -73]
[83, 109, 105, 116, 104, 55, 0]   ->   [65, 88, 51, -73]
[83, 109, 105, 116, 104, 55, 0]   ->   [65, 88, 52, -73]
[83, 109, 105, 116, 104, 56, 0]   ->   [65, 88, 48, -72]
[83, 109, 105, 116, 104, 56, 0]   ->   [65, 88, 49, -72]
[83, 109, 105, 116, 104, 56, 0]   ->   [65, 88, 50, -72]
[83, 109, 105, 116, 104, 56, 0]   ->   [65, 88, 51, -72]
[83, 109, 105, 116, 104, 56, 0]   ->   [65, 88, 52, -72]
[83, 109, 105, 116, 104, 57, 0]   ->   [65, 88, 48, -71]
[83, 109, 105, 116, 104, 57, 0]   ->   [65, 88, 49, -71]
[83, 109, 105, 116, 104, 57, 0]   ->   [65, 88, 50, -71]
[83, 109, 105, 116, 104, 57, 0]   ->   [65, 88, 51, -71]
[83, 109, 105, 116, 104, 57, 0]   ->   [65, 88, 52, -71]
[83, 109, 105, 116, 104, 48, 0]   ->   [65, 88, 48, -80]
[83, 109, 105, 116, 104, 48, 0]   ->   [65, 88, 49, -80]
[83, 109, 105, 116, 104, 48, 0]   ->   [65, 88, 50, -80]
[83, 109, 105, 116, 104, 48, 0]   ->   [65, 88, 51, -80]
[83, 109, 105, 116, 104, 48, 0]   ->   [65, 88, 52, -80]
[83, 109, 105, 116, 104, 49, 0]   ->   [65, 88, 48, -79]
[83, 109, 105, 116, 104, 49, 0]   ->   [65, 88, 49, -79]
[83, 109, 105, 116, 104, 49, 0]   ->   [65, 88, 50, -79]
[83, 109, 105, 116, 104, 49, 0]   ->   [65, 88, 51, -79]
[83, 109, 105, 116, 104, 49, 0]   ->   [65, 88, 52, -79]
[83, 109, 105, 116, 104, 50, 0]   ->   [65, 88, 48, -78]
[83, 109, 105, 116, 104, 50, 0]   ->   [65, 88, 49, -78]
[83, 109, 105, 116, 104, 50, 0]   ->   [65, 88, 50, -78]
[83, 109, 105, 116, 104, 50, 0]   ->   [65, 88, 51, -78]
[83, 109, 105, 116, 104, 50, 0]   ->   [65, 88, 52, -78]
[83, 109, 105, 116, 104, 51, 0]   ->   [65, 88, 48, -77]
[83, 109, 105, 116, 104, 51, 0]   ->   [65, 88, 49, -77]
[83, 109, 105, 116, 104, 51, 0]   ->   [65, 88, 50, -77]
[83, 109, 105, 116, 104, 51, 0]   ->   [65, 88, 51, -77]
[83, 109, 105, 116, 104, 51, 0]   ->   [65, 88, 52, -77]
[83, 109, 105, 116, 104, 52, 0]   ->   [65, 88, 48, -76]
[83, 109, 105, 116, 104, 52, 0]   ->   [65, 88, 49, -76]
[83, 109, 105, 116, 104, 52, 0]   ->   [65, 88, 50, -76]
[83, 109, 105, 116, 104, 52, 0]   ->   [65, 88, 51, -76]
[83, 109, 105, 116, 104, 52, 0]   ->   [65, 88, 52, -76]
[83, 109, 105, 116, 104, 53, 0]   ->   [65, 88, 48, -75]
[83, 109, 105, 116, 104, 53, 0]   ->   [65, 88, 49, -75]
[83, 109, 105, 116, 104, 53, 0]   ->   [65, 88, 50, -75]
[83, 109, 105, 116, 104, 53, 0]   ->   [65, 88, 51, -75]
[83, 109, 105, 116, 104, 53, 0]   ->   [65, 88, 52, -75]
[83, 109, 105, 116, 104, 54, 0]   ->   [65, 88, 48, -74]
[83, 109, 105, 116, 104, 54, 0]   ->   [65, 88, 49, -74]
[83, 109, 105, 116, 104, 54, 0]   ->   [65, 88, 50, -74]
[83, 109, 105, 116, 104, 54, 0]   ->   [65, 88, 51, -74]
[83, 109, 105, 116, 104, 54, 0]   ->   [65, 88, 52, -74]
[83, 109, 105, 116, 104, 55, 0]   ->   [65, 88, 48, -73]
[83, 109, 105, 116, 104, 55, 0]   ->   [65, 88, 49, -73]
[83, 109, 105, 116, 104, 55, 0]   ->   [65, 88, 50, -73]
[83, 109, 105, 116, 104, 55, 0]   ->   [65, 88, 51, -73]
[83, 109, 105, 116, 104, 55, 0]   ->   [65, 88, 52, -73]
[83, 109, 105, 116, 104, 56, 0]   ->   [65, 88, 48, -72]
[83, 109, 105, 116, 104, 56, 0]   ->   [65, 88, 49, -72]
[83, 109, 105, 116, 104, 56, 0]   ->   [65, 88, 50, -72]
[83, 109, 105, 116, 104, 56, 0]   ->   [65, 88, 51, -72]
[83, 109, 105, 116, 104, 56, 0]   ->   [65, 88, 52, -72]
[83, 109, 105, 116, 104, 57, 0]   ->   [65, 88, 48, -71]
[83, 109, 105, 116, 104, 57, 0]   ->   [65, 88, 49, -71]
[83, 109, 105, 116, 104, 57, 0]   ->   [65, 88, 50, -71]
[83, 109, 105, 116, 104, 57, 0]   ->   [65, 88, 51, -71]
[83, 109, 105, 116, 104, 57, 0]   ->   [65, 88, 52, -71]
[83, 109, 105, 116, 104, 48, 0]   ->   [65, 88, 48, -80]
[83, 109, 105, 116, 104, 48, 0]   ->   [65, 88, 49, -80]
[83, 109, 105, 116, 104, 48, 0]   ->   [65, 88, 50, -80]
[83, 109, 105, 116, 104, 48, 0]   ->   [65, 88, 51, -80]
[83, 109, 105, 116, 104, 48, 0]   ->   [65, 88, 52, -80]
[83, 109, 105, 116, 104, 49, 0]   ->   [65, 88, 48, -79]
[83, 109, 105, 116, 104, 49, 0]   ->   [65, 88, 49, -79]
[83, 109, 105, 116, 104, 49, 0]   ->   [65, 88, 50, -79]
[83, 109, 105, 116, 104, 49, 0]   ->   [65, 88, 51, -79]
[83, 109, 105, 116, 104, 49, 0]   ->   [65, 88, 52, -79]
[83, 109, 105, 116, 104, 50, 0]   ->   [65, 88, 48, -78]
[83, 109, 105, 116, 104, 50, 0]   ->   [65, 88, 49, -78]
[83, 109, 105, 116, 104, 50, 0]   ->   [65, 88, 50, -78]
[83, 109, 105, 116, 104, 50, 0]   ->   [65, 88, 51, -78]
[83, 109, 105, 116, 104, 50, 0]   ->   [65, 88, 52, -78]
[83, 109, 105, 116, 104, 51, 0]   ->   [65, 88, 48, -77]
[83, 109, 105, 116, 104, 51, 0]   ->   [65, 88, 49, -77]
[83, 109, 105, 116, 104, 51, 0]   ->   [65, 88, 50, -77]
[83, 109, 105, 116, 104, 51, 0]   ->   [65, 88, 51, -77]
[83, 109, 105, 116, 104, 51, 0]   ->   [65, 88, 52, -77]
[83, 109, 105, 116, 104, 52, 0]   ->   [65, 88, 48, -76]
[83, 109, 105, 116, 104, 52, 0]   ->   [65, 88, 49, -76]
[83, 109, 105, 116, 104, 52, 0]   ->   [65, 88, 50, -76]
[83, 109, 105, 116, 104, 52, 0]   ->   [65, 88, 51, -76]
[83, 109, 105, 116, 104, 52, 0]   ->   [65, 88, 52, -76]
[83, 109, 105, 116, 104, 53, 0]   ->   [65, 88, 48, -75]
[83, 109, 105, 116, 104, 53, 0]   ->   [65, 88, 49, -75]
[83, 109, 105, 116, 104, 53, 0]   ->   [65, 88, 50, -75]
[83, 109, 105, 116, 104, 53, 0]   ->   [65, 88, 51, -75]
[83, 109, 105, 116, 104, 53, 0]   ->   [65, 88, 52, -75]
[83, 109, 105, 116, 104, 54, 0]   ->   [65, 88, 48, -74]
[83, 109, 105, 116, 104, 54, 0]   ->   [65, 88, 49, -74]
[83, 109, 105, 116, 104, 54, 0]   ->   [65, 88, 50, -74]
[83, 109, 105, 116, 104, 54, 0]   ->   [65, 88, 51, -74]
[83, 109, 105, 116, 104, 54, 0]   ->   [65, 88, 52, -74]
[83, 109, 105, 116, 104, 55, 0]   ->   [65, 88, 48, -73]
[83, 109, 105, 116, 104, 55, 0]   ->   [65, 88, 49, -73]
[83, 109, 105, 116, 104, 55, 0]   ->   [65, 88, 50, -73]
[83, 109, 105, 116, 104, 55, 0]   ->   [65, 88, 51, -73]
[83, 109, 105, 116, 104, 55, 0]   ->   [65, 88, 52, -73]
[83, 109, 105, 116, 104, 56, 0]   ->   [65, 88, 48, -72]
[83, 109, 105, 116, 104, 56, 0]   ->   [65, 88, 49, -72]
[83, 109, 105, 116, 104, 56, 0]   ->   [65, 88, 50, -72]
[83, 109, 105, 116, 104, 56, 0]   ->   [65, 88, 51, -72]
[83, 109, 105, 116, 104, 56, 0]   ->   [65, 88, 52, -72]
[83, 109, 105, 116, 104, 57, 0]   ->   [65, 88, 48, -71]
[83, 109, 105, 116, 104, 57, 0]   ->   [65, 88, 49, -71]
[83, 109, 105, 116, 104, 57, 0]   ->   [65, 88, 50, -71]
[83, 109, 105, 116, 104, 57, 0]   ->   [65, 88, 51, -71]
[83, 109, 105, 116, 104, 57, 0]   ->   [65, 88, 52, -71]
[83, 109, 105, 116, 104, 48, 0]   ->   [65, 88, 48, -80]
[83, 109, 105, 116, 104, 48, 0]   ->   [65, 88, 49, -80]
[83, 109, 105, 116, 104, 48, 0]   ->   [65, 88, 50, -80]
[83, 109, 105, 116, 104, 48, 0]   ->   [65, 88, 51, -80]
[83, 109, 105, 116, 104, 48, 0]   ->   [65, 88, 52, -80]
[83, 109, 105, 116, 104, 49, 0]   ->   [65, 88, 48, -79]
[83, 109, 105, 116, 104, 49, 0]   ->   [65, 88, 49, -79]
[83, 109, 105, 116, 104, 49, 0]   ->   [65, 88, 50, -79]
[83, 109, 105, 116, 104, 49, 0]   ->   [65, 88, 51, -79]
[83, 109, 105, 116, 104, 49, 0]   ->   [65, 88, 52, -79]
[83, 109, 105, 116, 104, 50, 0]   ->   [65, 88, 48, -78]
[83, 109, 105, 116, 104, 50, 0]   ->   [65, 88, 49, -78]
[83, 109, 105, 116, 104, 50, 0]   ->   [65, 88, 50, -78]
[83, 109, 105, 116, 104, 50, 0]   ->   [65, 88, 51, -78]
[83, 109, 105, 116, 104, 50, 0]   ->   [65, 88, 52, -78]
[83, 109, 105, 116, 104, 51, 0]   ->   [65, 88, 48, -77]
[83, 109, 105, 116, 104, 51, 0]   ->   [65, 88, 49, -77]
[83, 109, 105, 116, 104, 51, 0]   ->   [65, 88, 50, -77]
[83, 109, 105, 116, 104, 51, 0]   ->   [65, 88, 51, -77]
[83, 109, 105, 116, 104, 51, 0]   ->   [65, 88, 52, -77]
[83, 109, 105, 116, 104, 52, 0]   ->   [65, 88, 48, -76]
[83, 109, 105, 116, 104, 52, 0]   ->   [65, 88, 49, -76]
[83, 109, 105, 116, 104, 52, 0]   ->   [65, 88, 50, -76]
[83, 109, 105, 116, 104, 52, 0]   ->   [65, 88, 51, -76]
[83, 109, 105, 116, 104, 52, 0]   ->   [65, 88, 52, -76]
[83, 109, 105, 116, 104, 53, 0]   ->   [65, 88, 48, -75]
[83, 109, 105, 116, 104, 53, 0]   ->   [65, 88, 49, -75]
[83, 109, 105, 116, 104, 53, 0]   ->   [65, 88, 50, -75]
[83, 109, 105, 116, 104, 53, 0]   ->   [65, 88, 51, -75]
[83, 109, 105, 116, 104, 53, 0]   ->   [65, 88, 52, -75]
[83, 109, 105, 116, 104, 54, 0]   ->   [65, 88, 48, -74]
[83, 109, 105, 116, 104, 54, 0]   ->   [65, 88, 49, -74]
[83, 109, 105, 116, 104, 54, 0]   ->   [65, 88, 50, -74]
[83, 109, 105, 116, 104, 54, 0]   ->   [65, 88, 51, -74]
[83, 109, 105, 116, 104, 54, 0]   ->   [65, 88, 52, -74]
[83, 109, 105, 116, 104, 55, 0]   ->   [65, 88, 48, -73]
[83, 109, 105, 116, 104, 55, 0]   ->   [65, 88, 49, -73]
[83, 109, 105, 116, 104, 55, 0]   ->   [65, 88, 50, -73]
[83, 109, 105, 116, 104, 55, 0]   ->   [65, 88, 51, -73]
[83, 109, 105, 116, 104, 55, 0]   ->   [65, 88, 52, -73]
[83, 109, 105, 116, 104, 56, 0]   ->   [65, 88, 48, -72]
[83, 109, 105, 116, 104, 56, 0]   ->   [65, 88, 49, -72]
[83, 109, 105, 116, 104, 56, 0]   ->   [65, 88, 50, -72]
[83, 109, 105, 116, 104, 56, 0]   ->   [65, 88, 51, -72]
[83, 109, 105, 116, 104, 56, 0]   ->   [65, 88, 52, -72]
[83, 109, 105, 116, 104, 57, 0]   ->   [65, 88, 48, -71]
[83, 109, 105, 116, 104, 57, 0]   ->   [65, 88, 49, -71]
[83, 109, 105, 116, 104, 57, 0]   ->   [65, 88, 50, -71]
[83, 109, 105, 116, 104, 57, 0]   ->   [65, 88, 51, -71]
[83, 109, 105, 116, 104, 57, 0]   ->   [65, 88, 52, -71]
[83, 109, 105, 116, 104, 48, 0]   ->   [65, 88, 48, -80]
[83, 109, 105, 116, 104, 48, 0]   ->   [65, 88, 49, -80]
[83, 109, 105, 116, 104, 48, 0]   ->   [65, 88, 50, -80]
[83, 109, 105, 116, 104, 48, 0]   ->   [65, 88, 51, -80]
[83, 109, 105, 116, 104, 48, 0]   ->   [65, 88, 52, -80]
[83, 109, 105, 116, 104, 49, 0]   ->   [65, 88, 48, -79]
[83, 109, 105, 116, 104, 49, 0]   ->   [65, 88, 49, -79]
[83, 109, 105, 116, 104, 49, 0]   ->   [65, 88, 50, -79]
[83, 109, 105, 116, 104, 49, 0]   ->   [65, 88, 51, -79]
[83, 109, 105, 116, 104, 49, 0]   ->   [65, 88, 52, -79]
[83, 109, 105, 116, 104, 50, 0]   ->   [65, 88, 48, -78]
[83, 109, 105, 116, 104, 50, 0]   ->   [65, 88, 49, -78]
[83, 109, 105, 116, 104, 50, 0]   ->   [65, 88, 50, -78]
[83, 109, 105, 116, 104, 50, 0]   ->   [65, 88, 51, -78]
[83, 109, 105, 116, 104, 50, 0]   ->   [65, 88, 52, -78]
[83, 109, 105, 116, 104, 51, 0]   ->   [65, 88, 48, -77]
[83, 109, 105, 116, 104, 51, 0]   ->   [65, 88, 49, -77]
[83, 109, 105, 116, 104, 51, 0]   ->   [65, 88, 50, -77]
[83, 109, 105, 116, 104, 51, 0]   ->   [65, 88, 51, -77]
[83, 109, 105, 116, 104, 51, 0]   ->   [65, 88, 52, -77]
[83, 109, 105, 116, 104, 52, 0]   ->   [65, 88, 48, -76]
[83, 109, 105, 116, 104, 52, 0]   ->   [65, 88, 49, -76]
[83, 109, 105, 116, 104, 52, 0]   ->   [65, 88, 50, -76]
[83, 109, 105, 116, 104, 52, 0]   ->   [65, 88, 51, -76]
[83, 109, 105, 116, 104, 52, 0]   ->   [65, 88, 52, -76]
[83, 109, 105, 116, 104, 53, 0]   ->   [65, 88, 48, -75]
[83, 109, 105, 116, 104, 53, 0]   ->   [65, 88, 49, -75]
[83, 109, 105, 116, 104, 53, 0]   ->   [65, 88, 50, -75]
[83, 109, 105, 116, 104, 53, 0]   ->   [65, 88, 51, -75]
[83, 109, 105, 116, 104, 53, 0]   ->   [65, 88, 52, -75]
[83, 109, 105, 116, 104, 54, 0]   ->   [65, 88, 48, -74]
[83, 109, 105, 116, 104, 54, 0]   ->   [65, 88, 49, -74]
[83, 109, 105, 116, 104, 54, 0]   ->   [65, 88, 50, -74]
[83, 109, 105, 116, 104, 54, 0]   ->   [65, 88, 51, -74]
[83, 109, 105, 116, 104, 54, 0]   ->   [65, 88, 52, -74]
[83, 109, 105, 116, 104, 55, 0]   ->   [65, 88, 48, -73]
[83, 109, 105, 116, 104, 55, 0]   ->   [65, 88, 49, -73]
[83, 109, 105, 116, 104, 55, 0]   ->   [65, 88, 50, -73]
[83, 109, 105, 116, 104, 55, 0]   ->   [65, 88, 51, -73]
[83, 109, 105, 116, 104, 55, 0]   ->   [65, 88, 52, -73]
[83, 109, 105, 116, 104, 56, 0]   ->   [65, 88, 48, -72]
[83, 109, 105, 116, 104, 56, 0]   ->   [65, 88, 49, -72]
[83, 109, 105, 116, 104, 56, 0]   ->   [65, 88, 50, -72]
[83, 109, 105, 116, 104, 56, 0]   ->   [65, 88, 51, -72]
[83, 109, 105, 116, 104, 56, 0]   ->   [65, 88, 52, -72]
[83, 109, 105, 116, 104, 57, 0]   ->   [65, 88, 48, -71]
[83, 109, 105, 116, 104, 57, 0]   ->   [65, 88, 49, -71]
[83, 109, 105, 116, 104, 57, 0]   ->   [65, 88, 50, -71]
[83, 109, 105, 116, 104, 57, 0]   ->   [65, 88, 51, -71]
[83, 109, 105, 116, 104, 57, 0]   ->   [65, 88, 52, -71]
[83, 109, 105, 116, 104, 48, 0]   ->   [65, 88, 48, -80]
[83, 109, 105, 116, 104, 48, 0]   ->   [65, 88, 49, -80]
[83, 109, 105, 116, 104, 48, 0]   ->   [65, 88, 50, -80]
[83, 109, 105, 116, 104, 48, 0]   ->   [65, 88, 51, -80]
[83, 109, 105, 116, 104, 48, 0]   ->   [65, 88, 52, -80]
[83, 109, 105, 116, 104, 49, 0]   ->   [65, 88, 48, -79]
[83, 109, 105, 116, 104, 49, 0]   ->   [65, 88, 49, -79]
[83, 109, 105, 116, 104, 49, 0]   ->   [65, 88, 50, -79]
[83, 109, 105, 116, 104, 49, 0]   ->   [65, 88, 51, -79]
[83, 109, 105, 116, 104, 49, 0]   ->   [65, 88, 52, -79]
[83, 109, 105, 116, 104, 50, 0]   ->   [65, 88, 48, -78]
[83, 109, 105, 116, 104, 50, 0]   ->   [65, 88, 49, -78]
[83, 109, 105, 116, 104, 50, 0]   ->   [65, 88, 50, -78]
[83, 109, 105, 116, 104, 50, 0]   ->   [65, 88, 51, -78]
[83, 109, 105, 116, 104, 50, 0]   ->   [65, 88, 52, -78]
[83, 109, 105, 116, 104, 51, 0]   ->   [65, 88, 48, -77]
[83, 109, 105, 116, 104, 51, 0]   ->   [65, 88, 49, -77]
[83, 109, 105, 116, 104, 51, 0]   ->   [65, 88, 50, -77]
[83, 109, 105, 116, 104, 51, 0]   ->   [65, 88, 51, -77]
[83, 109, 105, 116, 104, 51, 0]   ->   [65, 88, 52, -77]
[83, 109, 105, 116, 104, 52, 0]   ->   [65, 88, 48, -76]
[83, 109, 105, 116, 104, 52, 0]   ->   [65, 88, 49, -76]
[83, 109, 105, 116, 104, 52, 0]   ->   [65, 88, 50, -76]
[83, 109, 105, 116, 104, 52, 0]   ->   [65, 88, 51, -76]
[83, 109, 105, 116, 104, 52, 0]   ->   [65, 88, 52, -76]
[83, 109, 105, 116, 104, 53, 0]   ->   [65, 88, 48, -75]
[83, 109, 105, 116, 104, 53, 0]   ->   [65, 88, 49, -75]
[83, 109, 105, 116, 104, 53, 0]   ->   [65, 88, 50, -75]
[83, 109, 105, 116, 104, 53, 0]   ->   [65, 88, 51, -75]
[83, 109, 105, 116, 104, 53, 0]   ->   [65, 88, 52, -75]
[83, 109, 105, 116, 104, 54, 0]   ->   [65, 88, 48, -74]
[83, 109, 105, 116, 104, 54, 0]   ->   [65, 88, 49, -74]
[83, 109, 105, 116, 104, 54, 0]   ->   [65, 88, 50, -74]
[83, 109, 105, 116, 104, 54, 0]   ->   [65, 88, 51, -74]
[83, 109, 105, 116, 104, 54, 0]   ->   [65, 88, 52, -74]
[83, 109, 105, 116, 104, 55, 0]   ->   [65, 88, 48, -73]
[83, 109, 105, 116, 104, 55, 0]   ->   [65, 88, 49, -73]
[83, 109, 105, 116, 104, 55, 0]   ->   [65, 88, 50, -73]
[83, 109, 105, 116, 104, 55, 0]   ->   [65, 88, 51, -73]
[83, 109, 105, 116, 104, 55, 0]   ->   [65, 88, 52, -73]
[83, 109, 105, 116, 104, 56, 0]   ->   [65, 88, 48, -72]
[83, 109, 105, 116, 104, 56, 0]   ->   [65, 88, 49, -72]
[83, 109, 105, 116, 104, 56, 0]   ->   [65, 88, 50, -72]
[83, 109, 105, 116, 104, 56, 0]   ->   [65, 88, 51, -72]
[83, 109, 105, 116, 104, 56, 0]   ->   [65, 88, 52, -72]
[83, 109, 105, 116, 104, 57, 0]   ->   [65, 88, 48, -71]
[83, 109, 105, 116, 104, 57, 0]   ->   [65, 88, 49, -71]
[83, 109, 105, 116, 104, 57, 0]   ->   [65, 88, 50, -71]
[83, 109, 105, 116, 104, 57, 0]   ->   [65, 88, 51, -71]
[83, 109, 105, 116, 104, 57, 0]   ->   [65, 88, 52, -71]
[83, 109, 105, 116, 104, 48, 0]   ->   [65, 88, 48, -80]
[83, 109, 105, 116, 104, 48, 0]   ->   [65, 88, 49, -80]
[83, 109, 105, 116, 104, 48, 0]   ->   [65, 88, 50, -80]
[83, 109, 105, 116, 104, 48, 0]   ->   [65, 88, 51, -80]
[83, 109, 105, 116, 104, 48, 0]   ->   [65, 88, 52, -80]
[83, 109, 105, 116, 104, 49, 0]   ->   [65, 88, 48, -79]
[83, 109, 105, 116, 104, 49, 0]   ->   [65, 88, 49, -79]
[83, 109, 105, 116, 104, 49, 0]   ->   [65, 88, 50, -79]
[83, 109, 105, 116, 104, 49, 0]   ->   [65, 88, 51, -79]
[83, 109, 105, 116, 104, 49, 0]   ->   [65, 88, 52, -79]
[83, 109, 105, 116, 104, 50, 0]   ->   [65, 88, 48, -78]
[83, 109, 105, 116, 104, 50, 0]   ->   [65, 88, 49, -78]
[83, 109, 105, 116, 104, 50, 0]   ->   [65, 88, 50, -78]
[83, 109, 105, 116, 104, 50, 0]   ->   [65, 88, 51, -78]
[83, 109, 105, 116, 104, 50, 0]   ->   [65, 88, 52, -78]
[83, 109, 105, 116, 104, 51, 0]   ->   [65, 88, 48, -77]
[83, 109, 105, 116, 104, 51, 0]   ->   [65, 88, 49, -77]
[83, 109, 105, 116, 104, 51, 0]   ->   [65, 88, 50, -77]
[83, 109, 105, 116, 104, 51, 0]   ->   [65, 88, 51, -77]
[83, 109, 105, 116, 104, 51, 0]   ->   [65, 88, 52, -77]
[83, 109, 105, 116, 104, 52, 0]   ->   [65, 88, 48, -76]
[83, 109, 105, 116, 104, 52, 0]   ->   [65, 88, 49, -76]
[83, 109, 105, 116, 104, 52, 0]   ->   [65, 88, 50, -76]
[83, 109, 105, 116, 104, 52, 0]   ->   [65, 88, 51, -76]
[83, 109, 105, 116, 104, 52, 0]   ->   [65, 88, 52, -76]
[83, 109, 105, 116, 104, 53, 0]   ->   [65, 88, 48, -75]
[83, 109, 105, 116, 104, 53, 0]   ->   [65, 88, 49, -75]
[83, 109, 105, 116, 104, 53, 0]   ->   [65, 88, 50, -75]
[83, 109, 105, 116, 104, 53, 0]   ->   [65, 88, 51, -75]
[83, 109, 105, 116, 104, 53, 0]   ->   [65, 88, 52, -75]
[83, 109, 105, 116, 104, 54, 0]   ->   [65, 88, 48, -74]
[83, 109, 105, 116, 104, 54, 0]   ->   [65, 88, 49, -74]
[83, 109, 105, 116, 104, 54, 0]   ->   [65, 88, 50, -74]
[83, 109, 105, 116, 104, 54, 0]   ->   [65, 88, 51, -74]
[83, 109, 105, 116, 104, 54, 0]   ->   [65, 88, 52, -74]
[83, 109, 105, 116, 104, 55, 0]   ->   [65, 88, 48, -73]
[83, 109, 105, 116, 104, 55, 0]   ->   [65, 88, 49, -73]
[83, 109, 105, 116, 104, 55, 0]   ->   [65, 88, 50, -73]
[83, 109, 105, 116, 104, 55, 0]   ->   [65, 88, 51, -73]
[83, 109, 105, 116, 104, 55, 0]   ->   [65, 88, 52, -73]
[83, 109, 105, 116, 104, 56, 0]   ->   [65, 88, 48, -72]
[83, 109, 105, 116, 104, 56, 0]   ->   [65, 88, 49, -72]
[83, 109, 105, 116, 104, 56, 0]   ->   [65, 88, 50, -72]
[83, 109, 105, 116, 104, 56, 0]   ->   [65, 88, 51, -72]
[83, 109, 105, 116, 104, 56, 0]   ->   [65, 88, 52, -72]
[83, 109, 105, 116, 104, 57, 0]   ->   [65, 88, 48, -71]
[83, 109, 105, 116, 104, 57, 0]   ->   [65, 88, 49, -71]
[83, 109, 105, 116, 104, 57, 0]   ->   [65, 88, 50, -71]
[83, 109, 105, 116, 104, 57, 0]   ->   [65, 88, 51, -71]
[83, 109, 105, 116, 104, 57, 0]   ->   [65, 88, 52, -71]
[83, 109, 105, 116, 104, 48, 0]   ->   [65, 88, 48, -80]
[83, 109, 105, 116, 104, 48, 0]   ->   [65, 88, 49, -80]
[83, 109, 105, 116, 104, 48, 0]   ->   [65, 88, 50, -80]
[83, 109, 105, 116, 104, 48, 0]   ->   [65, 88, 51, -80]
[83, 109, 105, 116, 104, 48, 0]   ->   [65, 88, 52, -80]
[83, 109, 105, 116, 104, 49, 0]   ->   [65, 88, 48, -79]
[83, 109, 105, 116, 104, 49, 0]   ->   [65, 88, 49, -79]
[83, 109, 105, 116, 104, 49, 0]   ->   [65, 88, 50, -79]
[83, 109, 105, 116, 104, 49, 0]   ->   [65, 88, 51, -79]
[83, 109, 105, 116, 104, 49, 0]   ->   [65, 88, 52, -79]
[83, 109, 105, 116, 104, 50, 0]   ->   [65, 88, 48, -78]
[83, 109, 105, 116, 104, 50, 0]   ->   [65, 88, 49, -78]
[83, 109, 105, 116, 104, 50, 0]   ->   [65, 88, 50, -78]
[83, 109, 105, 116, 104, 50, 0]   ->   [65, 88, 51, -78]
[83, 109, 105, 116, 104, 50, 0]   ->   [65, 88, 52, -78]
[83, 109, 105, 116, 104, 51, 0]   ->   [65, 88, 48, -77]
[83, 109, 105, 116, 104, 51, 0]   ->   [65, 88, 49, -77]
[83, 109, 105, 116, 104, 51, 0]   ->   [65, 88, 50, -77]
[83, 109, 105, 116, 104, 51, 0]   ->   [65, 88, 51, -77]
[83, 109, 105, 116, 104, 51, 0]   ->   [65, 88, 52, -77]
[83, 109, 105, 116, 104, 52, 0]   ->   [65, 88, 48, -76]
[83, 109, 105, 116, 104, 52, 0]   ->   [65, 88, 49, -76]
[83, 109, 105, 116, 104, 52, 0]   ->   [65, 88, 50, -76]
[83, 109, 105, 116, 104, 52, 0]   ->   [65, 88, 51, -76]
[83, 109, 105, 116, 104, 52, 0]   ->   [65, 88, 52, -76]
[83, 109, 105, 116, 104, 53, 0]   ->   [65, 88, 48, -75]
[83, 109, 105, 116, 104, 53, 0]   ->   [65, 88, 49, -75]
[83, 109, 105, 116, 104, 53, 0]   ->   [65, 88, 50, -75]
[83, 109, 105, 116, 104, 53, 0]   ->   [65, 88, 51, -75]
[83, 109, 105, 116, 104, 53, 0]   ->   [65, 88, 52, -75]
[83, 109, 105, 116, 104, 54, 0]   ->   [65, 88, 48, -74]
[83, 109, 105, 116, 104, 54, 0]   ->   [65, 88, 49, -74]
[83, 109, 105, 116, 104, 54, 0]   ->   [65, 88, 50, -74]
[83, 109, 105, 116, 104, 54, 0]   ->   [65, 88, 51, -74]
[83, 109, 105, 116, 104, 54, 0]   ->   [65, 88, 52, -74]
[83, 109, 105, 116, 104, 55, 0]   ->   [65, 88, 48, -73]
[83, 109, 105, 116, 104, 55, 0]   ->   [65, 88, 49, -73]
[83, 109, 105, 116, 104, 55, 0]   ->   [65, 88, 50, -73]
[83, 109, 105, 116, 104, 55, 0]   ->   [65, 88, 51, -73]
[83, 109, 105, 116, 104, 55, 0]   ->   [65, 88, 52, -73]
[83, 109, 105, 116, 104, 56, 0]   ->   [65, 88, 48, -72]
[83, 109, 105, 116, 104, 56, 0]   ->   [65, 88, 49, -72]
[83, 109, 105, 116, 104, 56, 0]   ->   [65, 88, 50, -72]
[83, 109, 105, 116, 104, 56, 0]   ->   [65, 88, 51, -72]
[83, 109, 105, 116, 104, 56, 0]   ->   [65, 88, 52, -72]
[83, 109, 105, 116, 104, 57, 0]   ->   [65, 88, 48, -71]
[83, 109, 105, 116, 104, 57, 0]   ->   [65, 88, 49, -71]
[83, 109, 105, 116, 104, 57, 0]   ->   [65, 88, 50, -71]
[83, 109, 105, 116, 104, 57, 0]   ->   [65, 88, 51, -71]
[83, 109, 105, 116, 104, 57, 0]   ->   [65, 88, 52, -71]
[83, 109, 105, 116, 104, 48, 0]   ->   [65, 88, 48, -80]
[83, 109, 105, 116, 104, 48, 0]   ->   [65, 88, 49, -80]
[83, 109, 105, 116, 104, 48, 0]   ->   [65, 88, 50, -80]
[83, 109, 105, 116, 104, 48, 0]   ->   [65, 88, 51, -80]
[83, 109, 105, 116, 104, 48, 0]   ->   [65, 88, 52, -80]
[83, 109, 105, 116, 104, 49, 0]   ->   [65, 88, 48, -79]
[83, 109, 105, 116, 104, 49, 0]   ->   [65, 88, 49, -79]
[83, 109, 105, 116, 104, 49, 0]   ->   [65, 88, 50, -79]
[83, 109, 105, 116, 104, 49, 0]   ->   [65, 88, 51, -79]
[83, 109, 105, 116, 104, 49, 0]   ->   [65, 88, 52, -79]
[83, 109, 105, 116, 104, 50, 0]   ->   [65, 88, 48, -78]
[83, 109, 105, 116, 104, 50, 0]   ->   [65, 88, 49, -78]
[83, 109, 105, 116, 104, 50, 0]   ->   [65, 88, 50, -78]
[83, 109, 105, 116, 104, 50, 0]   ->   [65, 88, 51, -78]
[83, 109, 105, 116, 104, 50, 0]   ->   [65, 88, 52, -78]
[83, 109, 105, 116, 104, 51, 0]   ->   [65, 88, 48, -77]
[83, 109, 105, 116, 104, 51, 0]   ->   [65, 88, 49, -77]
[83, 109, 105, 116, 104, 51, 0]   ->   [65, 88, 50, -77]
[83, 109, 105, 116, 104, 51, 0]   ->   [65, 88, 51, -77]
[83, 109, 105, 116, 104, 51, 0]   ->   [65, 88, 52, -77]
[83, 109, 105, 116, 104, 52, 0]   ->   [65, 88, 48, -76]
[83, 109, 105, 116, 104, 52, 0]   ->   [65, 88, 49, -76]
[83, 109, 105, 116, 104, 52, 0]   ->   [65, 88, 50, -76]
[83, 109, 105, 116, 104, 52, 0]   ->   [65, 88, 51, -76]
[83, 109, 105, 116, 104, 52, 0]   ->   [65, 88, 52, -76]
[83, 109, 105, 116, 104, 53, 0]   ->   [65, 88, 48, -75]
[83, 109, 105, 116, 104, 53, 0]   ->   [65, 88, 49, -75]
[83, 109, 105, 116, 104, 53, 0]   ->   [65, 88, 50, -75]
[83, 109, 105, 116, 104, 53, 0]   ->   [65, 88, 51, -75]
[83, 109, 105, 116, 104, 53, 0]   ->   [65, 88, 52, -75]
[83, 109, 105, 116, 104, 54, 0]   ->   [65, 88, 48, -74]
[83, 109, 105, 116, 104, 54, 0]   ->   [65, 88, 49, -74]
[83, 109, 105, 116, 104, 54, 0]   ->   [65, 88, 50, -74]
[83, 109, 105, 116, 104, 54, 0]   ->   [65, 88, 51, -74]
[83, 109, 105, 116, 104, 54, 0]   ->   [65, 88, 52, -74]
[83, 109, 105, 116, 104, 55, 0]   ->   [65, 88, 48, -73]
[83, 109, 105, 116, 104, 55, 0]   ->   [65, 88, 49, -73]
[83, 109, 105, 116, 104, 55, 0]   ->   [65, 88, 50, -73]
[83, 109, 105, 116, 104, 55, 0]   ->   [65, 88, 51, -73]
[83, 109, 105, 116, 104, 55, 0]   ->   [65, 88, 52, -73]
[83, 109, 105, 116, 104, 56, 0]   ->   [65, 88, 48, -72]
[83, 109, 105, 116, 104, 56, 0]   ->   [65, 88, 49, -72]
[83, 109, 105, 116, 104, 56, 0]   ->   [65, 88, 50, -72]
[83, 109, 105, 116, 104, 56, 0]   ->   [65, 88, 51, -72]
[83, 109, 105, 116, 104, 56, 0]   ->   [65, 88, 52, -72]
[83, 109, 105, 116, 104, 57, 0]   ->   [65, 88, 48, -71]
[83, 109, 105, 116, 104, 57, 0]   ->   [65, 88, 49, -71]
[83, 109, 105, 116, 104, 57, 0]   ->   [65, 88, 50, -71]
[83, 109, 105, 116, 104, 57, 0]   ->   [65, 88, 51, -71]
[83, 109, 105, 116, 104, 57, 0]   ->   [65, 88, 52, -71]
[83, 109, 105, 116, 104, 48, 0]   ->   [65, 88, 48, -80]
[83, 109, 105, 116, 104, 48, 0]   ->   [65, 88, 49, -80]
[83, 109, 105, 116, 104, 48, 0]   ->   [65, 88, 50, -80]
[83, 109, 105, 116, 104, 48, 0]   ->   [65, 88, 51, -80]
[83, 109, 105, 116, 104, 48, 0]   ->   [65, 88, 52, -80]
[83, 109, 105, 116, 104, 49, 0]   ->   [65, 88, 48, -79]
[83, 109, 105, 116, 104, 49, 0]   ->   [65, 88, 49, -79]
[83, 109, 105, 116, 104, 49, 0]   ->   [65, 88, 50, -79]
[83, 109, 105, 116, 104, 49, 0]   ->   [65, 88, 51, -79]
[83, 109, 105, 116, 104, 49, 0]   ->   [65, 88, 52, -79]
[83, 109, 105, 116, 104, 50, 0]   ->   [65, 88, 48, -78]
[83, 109, 105, 116, 104, 50, 0]   ->   [65, 88, 49, -78]
[83, 109, 105, 116, 104, 50, 0]   ->   [65, 88, 50, -78]
[83, 109, 105, 116, 104, 50, 0]   ->   [65, 88, 51, -78]
[83, 109, 105, 116, 104, 50, 0]   ->   [65, 88, 52, -78]
[83, 109, 105, 116, 104, 51, 0]   ->   [65, 88, 48, -77]
[83, 109, 105, 116, 104, 51, 0]   ->   [65, 88, 49, -77]
[83, 109, 105, 116, 104, 51, 0]   ->   [65, 88, 50, -77]
[83, 109, 105, 116, 104, 51, 0]   ->   [65, 88, 51, -77]
[83, 109, 105, 116, 104, 51, 0]   ->   [65, 88, 52, -77]
[83, 109, 105, 116, 104, 52, 0]   ->   [65, 88, 48, -76]
[83, 109, 105, 116, 104, 52, 0]   ->   [65, 88, 49, -76]
[83, 109, 105, 116, 104, 52, 0]   ->   [65, 88, 50, -76]
[83, 109, 105, 116, 104, 52, 0]   ->   [65, 88, 51, -76]
[83, 109, 105, 116, 104, 52, 0]   ->   [65, 88, 52, -76]
[83, 109, 105, 116, 104, 53, 0]   ->   [65, 88, 48, -75]
[83, 109, 105, 116, 104, 53, 0]   ->   [65, 88, 49, -75]
[83, 109, 105, 116, 104, 53, 0]   ->   [65, 88, 50, -75]
[83, 109, 105, 116, 104, 53, 0]   ->   [65, 88, 51, -75]
[83, 109, 105, 116, 104, 53, 0]   ->   [65, 88, 52, -75]
[83, 109, 105, 116, 104, 54, 0]   ->   [65, 88, 48, -74]
[83, 109, 105, 116, 104, 54, 0]   ->   [65, 88, 49, -74]
[83, 109, 105, 116, 104, 54, 0]   ->   [65, 88, 50, -74]
[83, 109, 105, 116, 104, 54, 0]   ->   [65, 88, 51, -74]
[83, 109, 105, 116, 104, 54, 0]   ->   [65, 88, 52, -74]
[83, 109, 105, 116, 104, 55, 0]   ->   [65, 88, 48, -73]
[83, 109, 105, 116, 104, 55, 0]   ->   [65, 88, 49, -73]
[83, 109, 105, 116, 104, 55, 0]   ->   [65, 88, 50, -73]
[83, 109, 105, 116, 104, 55, 0]   ->   [65, 88, 51, -73]
[83, 109, 105, 116, 104, 55, 0]   ->   [65, 88, 52, -73]
[83, 109, 105, 116, 104, 56, 0]   ->   [65, 88, 48, -72]
[83, 109, 105, 116, 104, 56, 0]   ->   [65, 88, 49, -72]
[83, 109, 105, 116, 104, 56, 0]   ->   [65, 88, 50, -72]
[83, 109, 105, 116, 104, 56, 0]   ->   [65, 88, 51, -72]
[83, 109, 105, 116, 104, 56, 0]   ->   [65, 88, 52, -72]
[83, 109, 105, 116, 104, 57, 0]   ->   [65, 88, 48, -71]
[83, 109, 105, 116, 104, 57, 0]   ->   [65, 88, 49, -71]
[83, 109, 105, 116, 104, 57, 0]   ->   [65, 88, 50, -71]
[83, 109, 105, 116, 104, 57, 0]   ->   [65, 88, 51, -71]
[83, 109, 105, 116, 104, 57, 0]   ->   [65, 88, 52, -71]
[83, 109, 105, 116, 104, 48, 0]   ->   [65, 88, 48, -80]
[83, 109, 105, 116, 104, 48, 0]   ->   [65, 88, 49, -80]
[83, 109, 105, 116, 104, 48, 0]   ->   [65, 88, 50, -80]
[83, 109, 105, 116, 104, 48, 0]   ->   [65, 88, 51, -80]
[83, 109, 105, 116, 104, 48, 0]   ->   [65, 88, 52, -80]
[83, 109, 105, 116, 104, 49, 0]   ->   [65, 88, 48, -79]
[83, 109, 105, 116, 104, 49, 0]   ->   [65, 88, 49, -79]
[83, 109, 105, 116, 104, 49, 0]   ->   [65, 88, 50, -79]
[83, 109, 105, 116, 104, 49, 0]   ->   [65, 88, 51, -79]
[83, 109, 105, 116, 104, 49, 0]   ->   [65, 88, 52, -79]
[83, 109, 105, 116, 104, 50, 0]   ->   [65, 88, 48, -78]
[83, 109, 105, 116, 104, 50, 0]   ->   [65, 88, 49, -78]
[83, 109, 105, 116, 104, 50, 0]   ->   [65, 88, 50, -78]
[83, 109, 105, 116, 104, 50, 0]   ->   [65, 88, 51, -78]
[83, 109, 105, 116, 104, 50, 0]   ->   [65, 88, 52, -78]
[83, 109, 105, 116, 104, 51, 0]   ->   [65, 88, 48, -77]
[83, 109, 105, 116, 104, 51, 0]   ->   [65, 88, 49, -77]
[83, 109, 105, 116, 104, 51, 0]   ->   [65, 88, 50, -77]
[83, 109, 105, 116, 104, 51, 0]   ->   [65, 88, 51, -77]
[83, 109, 105, 116, 104, 51, 0]   ->   [65, 88, 52, -77]
[83, 109, 105, 116, 104, 52, 0]   ->   [65, 88, 48, -76]
[83, 109, 105, 116, 104, 52, 0]   ->   [65, 88, 49, -76]
[83, 109, 105, 116, 104, 52, 0]   ->   [65, 88, 50, -76]
[83, 109, 105, 116, 104, 52, 0]   ->   [65, 88, 51, -76]
[83, 109, 105, 116, 104, 52, 0]   ->   [65, 88, 52, -76]
[83, 109, 105, 116, 104, 53, 0]   ->   [65, 88, 48, -75]
[83, 109, 105, 116, 104, 53, 0]   ->   [65, 88, 49, -75]
[83, 109, 105, 116, 104, 53, 0]   ->   [65, 88, 50, -75]
[83, 109, 105, 116, 104, 53, 0]   ->   [65, 88, 51, -75]
[83, 109, 105, 116, 104, 53, 0]   ->   [65, 88, 52, -75]
[83, 109, 105, 116, 104, 54, 0]   ->   [65, 88, 48, -74]
[83, 109, 105, 116, 104, 54, 0]   ->   [65, 88, 49, -74]
[83, 109, 105, 116, 104, 54, 0]   ->   [65, 88, 50, -74]
[83, 109, 105, 116, 104, 54, 0]   ->   [65, 88, 51, -74]
[83, 109, 105, 116, 104, 54, 0]   ->   [65, 88, 52, -74]
[83, 109, 105, 116, 104, 55, 0]   ->   [65, 88, 48, -73]
[83, 109, 105, 116, 104, 55, 0]   ->   [65, 88, 49, -73]
[83, 109, 105, 116, 104, 55, 0]   ->   [65, 88, 50, -73]
[83, 109, 105, 116, 104, 55, 0]   ->   [65, 88, 51, -73]
[83, 109, 105, 116, 104, 55, 0]   ->   [65, 88, 52, -73]
[83, 109, 105, 116, 104, 56, 0]   ->   [65, 88, 48, -72]
[83, 109, 105, 116, 104, 56, 0]   ->   [65, 88, 49, -72]
[83, 109, 105, 116, 104, 56, 0]   ->   [65, 88, 50, -72]
[83, 109, 105, 116, 104, 56, 0]   ->   [65, 88, 51, -72]
[83, 109, 105, 116, 104, 56, 0]   ->   [65, 88, 52, -72]
[83, 109, 105, 116, 104, 57, 0]   ->   [65, 88, 48, -71]
[83, 109, 105, 116, 104, 57, 0]   ->   [65, 88, 49, -71]
[83, 109, 105, 116, 104, 57, 0]   ->   [65, 88, 50, -71]
[83, 109, 105, 116, 104, 57, 0]   ->   [65, 88, 51, -71]
[83, 109, 105, 116, 104, 57, 0]   ->   [65, 88, 52, -71]
[83, 109, 105, 116, 104, 48, 0]   ->   [65, 88, 48, -80]
[83, 109, 105, 116, 104, 48, 0]   ->   [65, 88, 49, -80]
[83, 109, 105, 116, 104, 48, 0]   ->   [65, 88, 50, -80]
[83, 109, 105, 116, 104, 48, 0]   ->   [65, 88, 51, -80]
[83, 109, 105, 116, 104, 48, 0]   ->   [65, 88, 52, -80]
[83, 109, 105, 116, 104, 49, 0]   ->   [65, 88, 48, -79]
[83, 109, 105, 116, 104, 49, 0]   ->   [65, 88, 49, -79]
[83, 109, 105, 116, 104, 49, 0]   ->   [65, 88, 50, -79]
[83, 109, 105, 116, 104, 49, 0]   ->   [65, 88, 51, -79]
[83, 109, 105, 116, 104, 49, 0]   ->   [65, 88, 52, -79]
[83, 109, 105, 116, 104, 50, 0]   ->   [65, 88, 48, -78]
[83, 109, 105, 116, 104, 50, 0]   ->   [65, 88, 49, -78]
[83, 109, 105, 116, 104, 50, 0]   ->   [65, 88, 50, -78]
[83, 109, 105, 116, 104, 50, 0]   ->   [65, 88, 51, -78]
[83, 109, 105, 116, 104, 50, 0]   ->   [65, 88, 52, -78]
[83, 109, 105, 116, 104, 51, 0]   ->   [65, 88, 48, -77]
[83, 109, 105, 116, 104, 51, 0]   ->   [65, 88, 49, -77]
[83, 109, 105, 116, 104, 51, 0]   ->   [65, 88, 50, -77]
[83, 109, 105, 116, 104, 51, 0]   ->   [65, 88, 51, -77]
[83, 109, 105, 116, 104, 51, 0]   ->   [65, 88, 52, -77]
[83, 109, 105, 116, 104, 52, 0]   ->   [65, 88, 48, -76]
[83, 109, 105, 116, 104, 52, 0]   ->   [65, 88, 49, -76]
[83, 109, 105, 116, 104, 52, 0]   ->   [65, 88, 50, -76]
[83, 109, 105, 116, 104, 52, 0]   ->   [65, 88, 51, -76]
[83, 109, 105, 116, 104, 52, 0]   ->   [65, 88, 52, -76]
[83, 109, 105, 116, 104, 53, 0]   ->   [65, 88, 48, -75]
[83, 109, 105, 116, 104, 53, 0]   ->   [65, 88, 49, -75]
[83, 109, 105, 116, 104, 53, 0]   ->   [65, 88, 50, -75]
[83, 109, 105, 116, 104, 53, 0]   ->   [65, 88, 51, -75]
[83, 109, 105, 116, 104, 53, 0]   ->   [65, 88, 52, -75]
[83, 109, 105, 116, 104, 54, 0]   ->   [65, 88, 48, -74]
[83, 109, 105, 116, 104, 54, 0]   ->   [65, 88, 49, -74]
[83, 109, 105, 116, 104, 54, 0]   ->   [65, 88, 50, -74]
[83, 109, 105, 116, 104, 54, 0]   ->   [65, 88, 51, -74]
[83, 109, 105, 116, 104, 54, 0]   ->   [65, 88, 52, -74]
[83, 109, 105, 116, 104, 55, 0]   ->   [65, 88, 48, -73]
[83, 109, 105, 116, 104, 55, 0]   ->   [65, 88, 49, -73]
[83, 109, 105, 116, 104, 55, 0]   ->   [65, 88, 50, -73]
[83, 109, 105, 116, 104, 55, 0]   ->   [65, 88, 51, -73]
[83, 109, 105, 116, 104, 55, 0]   ->   [65, 88, 52, -73]
[83, 109, 105, 116, 104, 56, 0]   ->   [65, 88, 48, -72]
[83, 109, 105, 116, 104, 56, 0]   ->   [65, 88, 49, -72]
[83, 109, 105, 116, 104, 56, 0]   ->   [65, 88, 50, -72]
[83, 109, 105, 116, 104, 56, 0]   ->   [65, 88, 51, -72]
[83, 109, 105, 116, 104, 56, 0]   ->   [65, 88, 52, -72]
[83, 109, 105, 116, 104, 57, 0]   ->   [65, 88, 48, -71]
[83, 109, 105, 116, 104, 57, 0]   ->   [65, 88, 49, -71]
[83, 109, 105, 116, 104, 57, 0]   ->   [65, 88, 50, -71]
[83, 109, 105, 116, 104, 57, 0]   ->   [65, 88, 51, -71]
[83, 109, 105, 116, 104, 57, 0]   ->   [65, 88, 52, -71]
[83, 109, 105, 116, 104, 48, 0]   ->   [65, 88, 48, -80]
[83, 109, 105, 116, 104, 48, 0]   ->   [65, 88, 49, -80]
[83, 109, 105, 116, 104, 48, 0]   ->   [65, 88, 50, -80]
[83, 109, 105, 116, 104, 48, 0]   ->   [65, 88, 51, -80]
[83, 109, 105, 116, 104, 48, 0]   ->   [65, 88, 52, -80]
[83, 109, 105, 116, 104, 49, 0]   ->   [65, 88, 48, -79]
[83, 109, 105, 116, 104, 49, 0]   ->   [65, 88, 49, -79]
[83, 109, 105, 116, 104, 49, 0]   ->   [65, 88, 50, -79]
[83, 109, 105, 116, 104, 49, 0]   ->   [65, 88, 51, -79]
[83, 109, 105, 116, 104, 49, 0]   ->   [65, 88, 52, -79]
[83, 109, 105, 116, 104, 50, 0]   ->   [65, 88, 48, -78]
[83, 109, 105, 116, 104, 50, 0]   ->   [65, 88, 49, -78]
[83, 109, 105, 116, 104, 50, 0]   ->   [65, 88, 50, -78]
[83, 109, 105, 116, 104, 50, 0]   ->   [65, 88, 51, -78]
[83, 109, 105, 116, 104, 50, 0]   ->   [65, 88, 52, -78]
[83, 109, 105, 116, 104, 51, 0]   ->   [65, 88, 48, -77]
[83, 109, 105, 116, 104, 51, 0]   ->   [65, 88, 49, -77]
[83, 109, 105, 116, 104, 51, 0]   ->   [65, 88, 50, -77]
[83, 109, 105, 116, 104, 51, 0]   ->   [65, 88, 51, -77]
[83, 109, 105, 116, 104, 51, 0]   ->   [65, 88, 52, -77]
[83, 109, 105, 116, 104, 52, 0]   ->   [65, 88, 48, -76]
[83, 109, 105, 116, 104, 52, 0]   ->   [65, 88, 49, -76]
[83, 109, 105, 116, 104, 52, 0]   ->   [65, 88, 50, -76]
[83, 109, 105, 116, 104, 52, 0]   ->   [65, 88, 51, -76]
[83, 109, 105, 116, 104, 52, 0]   ->   [65, 88, 52, -76]
[83, 109, 105, 116, 104, 53, 0]   ->   [65, 88, 48, -75]
[83, 109, 105, 116, 104, 53, 0]   ->   [65, 88, 49, -75]
[83, 109, 105, 116, 104, 53, 0]   ->   [65, 88, 50, -75]
[83, 109, 105, 116, 104, 53, 0]   ->   [65, 88, 51, -75]
[83, 109, 105, 116, 104, 53, 0]   ->   [65, 88, 52, -75]
[83, 109, 105, 116, 104, 54, 0]   ->   [65, 88, 48, -74]
[83, 109, 105, 116, 104, 54, 0]   ->   [65, 88, 49, -74]
[83, 109, 105, 116, 104, 54, 0]   ->   [65, 88, 50, -74]
[83, 109, 105, 116, 104, 54, 0]   ->   [65, 88, 51, -74]
[83, 109, 105, 116, 104, 54, 0]   ->   [65, 88, 52, -74]
[83, 109, 105, 116, 104, 55, 0]   ->   [65, 88, 48, -73]
[83, 109, 105, 116, 104, 55, 0]   ->   [65, 88, 49, -73]
[83, 109, 105, 116, 104, 55, 0]   ->   [65, 88, 50, -73]
[83, 109, 105, 116, 104, 55, 0]   ->   [65, 88, 51, -73]
[83, 109, 105, 116, 104, 55, 0]   ->   [65, 88, 52, -73]
[83, 109, 105, 116, 104, 56, 0]   ->   [65, 88, 48, -72]
[83, 109, 105, 116, 104, 56, 0]   ->   [65, 88, 49, -72]
[83, 109, 105, 116, 104, 56, 0]   ->   [65, 88, 50, -72]
[83, 109, 105, 116, 104, 56, 0]   ->   [65, 88, 51, -72]
[83, 109, 105, 116, 104, 56, 0]   ->   [65, 88, 52, -72]
[83, 109, 105, 116, 104, 57, 0]   ->   [65, 88, 48, -71]
[83, 109, 105, 116, 104, 57, 0]   ->   [65, 88, 49, -71]
[83, 109, 105, 116, 104, 57, 0]   ->   [65, 88, 50, -71]
[83, 109, 105, 116, 104, 57, 0]   ->   [65, 88, 51, -71]
[83, 109, 105, 116, 104, 57, 0]   ->   [65, 88, 52, -71]
[83, 109, 105, 116, 104, 48, 0]   ->   [65, 88, 48, -80]
[83, 109, 105, 116, 104, 48, 0]   ->   [65, 88, 49, -80]
[83, 109, 105, 116, 104, 48, 0]   ->   [65, 88, 50, -80]
[83, 109, 105, 116, 104, 48, 0]   ->   [65, 88, 51, -80]
[83, 109, 105, 116, 104, 48, 0]   ->   [65, 88, 52, -80]
[83, 109, 105, 116, 104, 49, 0]   ->   [65, 88, 48, -79]
[83, 109, 105, 116, 104, 49, 0]   ->   [65, 88, 49, -79]
[83, 109, 105, 116, 104, 49, 0]   ->   [65, 88, 50, -79]
[83, 109, 105, 116, 104, 49, 0]   ->   [65, 88, 51, -79]
[83, 109, 105, 116, 104, 49, 0]   ->   [65, 88, 52, -79]
[83, 109, 105, 116, 104, 50, 0]   ->   [65, 88, 48, -78]
[83, 109, 105, 116, 104, 50, 0]   ->   [65, 88, 49, -78]
[83, 109, 105, 116, 104, 50, 0]   ->   [65, 88, 50, -78]
[83, 109, 105, 116, 104, 50, 0]   ->   [65, 88, 51, -78]
[83, 109, 105, 116, 104, 50, 0]   ->   [65, 88, 52, -78]
[83, 109, 105, 116, 104, 51, 0]   ->   [65, 88, 48, -77]
[83, 109, 105, 116, 104, 51, 0]   ->   [65, 88, 49, -77]
[83, 109, 105, 116, 104, 51, 0]   ->   [65, 88, 50, -77]
[83, 109, 105, 116, 104, 51, 0]   ->   [65, 88, 51, -77]
[83, 109, 105, 116, 104, 51, 0]   ->   [65, 88, 52, -77]
[83, 109, 105, 116, 104, 52, 0]   ->   [65, 88, 48, -76]
[83, 109, 105, 116, 104, 52, 0]   ->   [65, 88, 49, -76]
[83, 109, 105, 116, 104, 52, 0]   ->   [65, 88, 50, -76]
[83, 109, 105, 116, 104, 52, 0]   ->   [65, 88, 51, -76]
[83, 109, 105, 116, 104, 52, 0]   ->   [65, 88, 52, -76]
[83, 109, 105, 116, 104, 53, 0]   ->   [65, 88, 48, -75]
[83, 109, 105, 116, 104, 53, 0]   ->   [65, 88, 49, -75]
[83, 109, 105, 116, 104, 53, 0]   ->   [65, 88, 50, -75]
[83, 109, 105, 116, 104, 53, 0]   ->   [65, 88, 51, -75]
[83, 109, 105, 116, 104, 53, 0]   ->   [65, 88, 52, -75]
[83, 109, 105, 116, 104, 54, 0]   ->   [65, 88, 48, -74]
[83, 109, 105, 116, 104, 54, 0]   ->   [65, 88, 49, -74]
[83, 109, 105, 116, 104, 54, 0]   ->   [65, 88, 50, -74]
[83, 109, 105, 116, 104, 54, 0]   ->   [65, 88, 51, -74]
[83, 109, 105, 116, 104, 54, 0]   ->   [65, 88, 52, -74]
[83, 109, 105, 116, 104, 55, 0]   ->   [65, 88, 48, -73]
[83, 109, 105, 116, 104, 55, 0]   ->   [65, 88, 49, -73]
[83, 109, 105, 116, 104, 55, 0]   ->   [65, 88, 50, -73]
[83, 109, 105, 116, 104, 55, 0]   ->   [65, 88, 51, -73]
[83, 109, 105, 116, 104, 55, 0]   ->   [65, 88, 52, -73]
[83, 109, 105, 116, 104, 56, 0]   ->   [65, 88, 48, -72]
[83, 109, 105, 116, 104, 56, 0]   ->   [65, 88, 49, -72]
[83, 109, 105, 116, 104, 56, 0]   ->   [65, 88, 50, -72]
[83, 109, 105, 116, 104, 56, 0]   ->   [65, 88, 51, -72]
[83, 109, 105, 116, 104, 56, 0]   ->   [65, 88, 52, -72]
[83, 109, 105, 116, 104, 57, 0]   ->   [65, 88, 48, -71]
[83, 109, 105, 116, 104, 57, 0]   ->   [65, 88, 49, -71]
[83, 109, 105, 116, 104, 57, 0]   ->   [65, 88, 50, -71]
[83, 109, 105, 116, 104, 57, 0]   ->   [65, 88, 51, -71]
[83, 109, 105, 116, 104, 57, 0]   ->   [65, 88, 52, -71]
[83, 109, 105, 116, 104, 48, 0]   ->   [65, 88, 48, -80]
[83, 109, 105, 116, 104, 48, 0]   ->   [65, 88, 49, -80]
[83, 109, 105, 116, 104, 48, 0]   ->   [65, 88, 50, -80]
[83, 109, 105, 116, 104, 48, 0]   ->   [65, 88, 51, -80]
[83, 109, 105, 116, 104, 48, 0]   ->   [65, 88, 52, -80]
[83, 109, 105, 116, 104, 49, 0]   ->   [65, 88, 48, -79]
[83, 109, 105, 116, 104, 49, 0]   ->   [65, 88, 49, -79]
[83, 109, 105, 116, 104, 49, 0]   ->   [65, 88, 50, -79]
[83, 109, 105, 116, 104, 49, 0]   ->   [65, 88, 51, -79]
[83, 109, 105, 116, 104, 49, 0]   ->   [65, 88, 52, -79]
[83, 109, 105, 116, 104, 50, 0]   ->   [65, 88, 48, -78]
[83, 109, 105, 116, 104, 50, 0]   ->   [65, 88, 49, -78]
[83, 109, 105, 116, 104, 50, 0]   ->   [65, 88, 50, -78]
[83, 109, 105, 116, 104, 50, 0]   ->   [65, 88, 51, -78]
[83, 109, 105, 116, 104, 50, 0]   ->   [65, 88, 52, -78]
[83, 109, 105, 116, 104, 51, 0]   ->   [65, 88, 48, -77]
[83, 109, 105, 116, 104, 51, 0]   ->   [65, 88, 49, -77]
[83, 109, 105, 116, 104, 51, 0]   ->   [65, 88, 50, -77]
[83, 109, 105, 116, 104, 51, 0]   ->   [65, 88, 51, -77]
[83, 109, 105, 116, 104, 51, 0]   ->   [65, 88, 52, -77]
[83, 109, 105, 116, 104, 52, 0]   ->   [65, 88, 48, -76]
[83, 109, 105, 116, 104, 52, 0]   ->   [65, 88, 49, -76]
[83, 109, 105, 116, 104, 52, 0]   ->   [65, 88, 50, -76]
[83, 109, 105, 116, 104, 52, 0]   ->   [65, 88, 51, -76]
[83, 109, 105, 116, 104, 52, 0]   ->   [65, 88, 52, -76]
[83, 109, 105, 116, 104, 53, 0]   ->   [65, 88, 48, -75]
[83, 109, 105, 116, 104, 53, 0]   ->   [65, 88, 49, -75]
[83, 109, 105, 116, 104, 53, 0]   ->   [65, 88, 50, -75]
[83, 109, 105, 116, 104, 53, 0]   ->   [65, 88, 51, -75]
[83, 109, 105, 116, 104, 53, 0]   ->   [65, 88, 52, -75]
[83, 109, 105, 116, 104, 54, 0]   ->   [65, 88, 48, -74]
[83, 109, 105, 116, 104, 54, 0]   ->   [65, 88, 49, -74]
[83, 109, 105, 116, 104, 54, 0]   ->   [65, 88, 50, -74]
[83, 109, 105, 116, 104, 54, 0]   ->   [65, 88, 51, -74]
[83, 109, 105, 116, 104, 54, 0]   ->   [65, 88, 52, -74]
[83, 109, 105, 116, 104, 55, 0]   ->   [65, 88, 48, -73]
[83, 109, 105, 116, 104, 55, 0]   ->   [65, 88, 49, -73]
[83, 109, 105, 116, 104, 55, 0]   ->   [65, 88, 50, -73]
[83, 109, 105, 116, 104, 55, 0]   ->   [65, 88, 51, -73]
[83, 109, 105, 116, 104, 55, 0]   ->   [65, 88, 52, -73]
[83, 109, 105, 116, 104, 56, 0]   ->   [65, 88, 48, -72]
[83, 109, 105, 116, 104, 56, 0]   ->   [65, 88, 49, -72]
[83, 109, 105, 116, 104, 56, 0]   ->   [65, 88, 50, -72]
[83, 109, 105, 116, 104, 56, 0]   ->   [65, 88, 51, -72]
[83, 109, 105, 116, 104, 56, 0]   ->   [65, 88, 52, -72]
[83, 109, 105, 116, 104, 57, 0]   ->   [65, 88, 48, -71]
[83, 109, 105, 116, 104, 57, 0]   ->   [65, 88, 49, -71]
[83, 109, 105, 116, 104, 57, 0]   ->   [65, 88, 50, -71]
[83, 109, 105, 116, 104, 57, 0]   ->   [65, 88, 51, -71]
[83, 109, 105, 116, 104, 57, 0]   ->   [65, 88, 52, -71]
[83, 109, 105, 116, 104, 48, 0]   ->   [65, 88, 48, -80]
[83, 109, 105, 116, 104, 48, 0]   ->   [65, 88, 49, -80]
[83, 109, 105, 116, 104, 48, 0]   ->   [65, 88, 50, -80]
[83, 109, 105, 116, 104, 48, 0]   ->   [65, 88, 51, -80]
[83, 109, 105, 116, 104, 48, 0]   ->   [65, 88, 52, -80]
[83, 109, 105, 116, 104, 49, 0]   ->   [65, 88, 48, -79]
[83, 109, 105, 116, 104, 49, 0]   ->   [65, 88, 49, -79]
[83, 109, 105, 116, 104, 49, 0]   ->   [65, 88, 50, -79]
[83, 109, 105, 116, 104, 49, 0]   ->   [65, 88, 51, -79]
[83, 109, 105, 116, 104, 49, 0]   ->   [65, 88, 52, -79]
[83, 109, 105, 116, 104, 50, 0]   ->   [65, 88, 48, -78]
[83, 109, 105, 116, 104, 50, 0]   ->   [65, 88, 49, -78]
[83, 109, 105, 116, 104, 50, 0]   ->   [65, 88, 50, -78]
[83, 109, 105, 116, 104, 50, 0]   ->   [65, 88, 51, -78]
[83, 109, 105, 116, 104, 50, 0]   ->   [65, 88, 52, -78]
[83, 109, 105, 116, 104, 51, 0]   ->   [65, 88, 48, -77]
[83, 109, 105, 116, 104, 51, 0]   ->   [65, 88, 49, -77]
[83, 109, 105, 116, 104, 51, 0]   ->   [65, 88, 50, -77]
[83, 109, 105, 116, 104, 51, 0]   ->   [65, 88, 51, -77]
[83, 109, 105, 116, 104, 51, 0]   ->   [65, 88, 52, -77]
[83, 109, 105, 116, 104, 52, 0]   ->   [65, 88, 48, -76]
[83, 109, 105, 116, 104, 52, 0]   ->   [65, 88, 49, -76]
[83, 109, 105, 116, 104, 52, 0]   ->   [65, 88, 50, -76]
[83, 109, 105, 116, 104, 52, 0]   ->   [65, 88, 51, -76]
[83, 109, 105, 116, 104, 52, 0]   ->   [65, 88, 52, -76]
[83, 109, 105, 116, 104, 53, 0]   ->   [65, 88, 48, -75]
[83, 109, 105, 116, 104, 53, 0]   ->   [65, 88, 49, -75]
[83, 109, 105, 116, 104, 53, 0]   ->   [65, 88, 50, -75]
[83, 109, 105, 116, 104, 53, 0]   ->   [65, 88, 51, -75]
[83, 109, 105, 116, 104, 53, 0]   ->   [65, 88, 52, -75]
[83, 109, 105, 116, 104, 54, 0]   ->   [65, 88, 48, -74]
[83, 109, 105, 116, 104, 54, 0]   ->   [65, 88, 49, -74]
[83, 109, 105, 116, 104, 54, 0]   ->   [65, 88, 50, -74]
[83, 109, 105, 116, 104, 54, 0]   ->   [65, 88, 51, -74]
[83, 109, 105, 116, 104, 54, 0]   ->   [65, 88, 52, -74]
[83, 109, 105, 116, 104, 55, 0]   ->   [65, 88, 48, -73]
[83, 109, 105, 116, 104, 55, 0]   ->   [65, 88, 49, -73]
[83, 109, 105, 116, 104, 55, 0]   ->   [65, 88, 50, -73]
[83, 109, 105, 116, 104, 55, 0]   ->   [65, 88, 51, -73]
[83, 109, 105, 116, 104, 55, 0]   ->   [65, 88, 52, -73]
[83, 109, 105, 116, 104, 56, 0]   ->   [65, 88, 48, -72]
[83, 109, 105, 116, 104, 56, 0]   ->   [65, 88, 49, -72]
[83, 109, 105, 116, 104, 56, 0]   ->   [65, 88, 50, -72]
[83, 109, 105, 116, 104, 56, 0]   ->   [65, 88, 51, -72]
[83, 109, 105, 116, 104, 56, 0]   ->   [65, 88, 52, -72]
[83, 109, 105, 116, 104, 57, 0]   ->   [65, 88, 48, -71]
[83, 109, 105, 116, 104, 57, 0]   ->   [65, 88, 49, -71]
[83, 109, 105, 116, 104, 57, 0]   ->   [65, 88, 50, -71]
[83, 109, 105, 116, 104, 57, 0]   ->   [65, 88, 51, -71]
[83, 109, 105, 116, 104, 57, 0]   ->   [65, 88, 52, -71]
[83, 109, 105, 116, 104, 48, 0]   ->   [65, 88, 48, -80]
[83, 109, 105, 116, 104, 48, 0]   ->   [65, 88, 49, -80]
[83, 109, 105, 116, 104, 48, 0]   ->   [65, 88, 50, -80]
[83, 109, 105, 116, 104, 48, 0]   ->   [65, 88, 51, -80]
[83, 109, 105, 116, 104, 48, 0]   ->   [65, 88, 52, -80]
[83, 109, 105, 116, 104, 49, 0]   ->   [65, 88, 48, -79]
[83, 109, 105, 116, 104, 49, 0]   ->   [65, 88, 49, -79]
[83, 109, 105, 116, 104, 49, 0]   ->   [65, 88, 50, -79]
[83, 109, 105, 116, 104, 49, 0]   ->   [65, 88, 51, -79]
[83, 109, 105, 116, 104, 49, 0]   ->   [65, 88, 52, -79]
[83, 109, 105, 116, 104, 50, 0]   ->   [65, 88, 48, -78]
[83, 109, 105, 116, 104, 50, 0]   ->   [65, 88, 49, -78]
[83, 109, 105, 116, 104, 50, 0]   ->   [65, 88, 50, -78]
[83, 109, 105, 116, 104, 50, 0]   ->   [65, 88, 51, -78]
[83, 109, 105, 116, 104, 50, 0]   ->   [65, 88, 52, -78]
[83, 109, 105, 116, 104, 51, 0]   ->   [65, 88, 48, -77]
[83, 109, 105, 116, 104, 51, 0]   ->   [65, 88, 49, -77]
[83, 109, 105, 116, 104, 51, 0]   ->   [65, 88, 50, -77]
[83, 109, 105, 116, 104, 51, 0]   ->   [65, 88, 51, -77]
[83, 109, 105, 116, 104, 51, 0]   ->   [65, 88, 52, -77]
[83, 109, 105, 116, 104, 52, 0]   ->   [65, 88, 48, -76]
[83, 109, 105, 116, 104, 52, 0]   ->   [65, 88, 49, -76]
[83, 109, 105, 116, 104, 52, 0]   ->   [65, 88, 50, -76]
[83, 109, 105, 116, 104, 52, 0]   ->   [65, 88, 51, -76]
[83, 109, 105, 116, 104, 52, 0]   ->   [65, 88, 52, -76]
[83, 109, 105, 116, 104, 53, 0]   ->   [65, 88, 48, -75]
[83, 109, 105, 116, 104, 53, 0]   ->   [65, 88, 49, -75]
[83, 109, 105, 116, 104, 53, 0]   ->   [65, 88, 50, -75]
[83, 109, 105, 116, 104, 53, 0]   ->   [65, 88, 51, -75]
[83, 109, 105, 116, 104, 53, 0]   ->   [65, 88, 52, -75]
[83, 109, 105, 116, 104, 54, 0]   ->   [65, 88, 48, -74]
[83, 109, 105, 116, 104, 54, 0]   ->   [65, 88, 49, -74]
[83, 109, 105, 116, 104, 54, 0]   ->   [65, 88, 50, -74]
[83, 109, 105, 116, 104, 54, 0]   ->   [65, 88, 51, -74]
[83, 109, 105, 116, 104, 54, 0]   ->   [65, 88, 52, -74]
[83, 109, 105, 116, 104, 55, 0]   ->   [65, 88, 48, -73]
[83, 109, 105, 116, 104, 55, 0]   ->   [65, 88, 49, -73]
[83, 109, 105, 116, 104, 55, 0]   ->   [65, 88, 50, -73]
[83, 109, 105, 116, 104, 55, 0]   ->   [65, 88, 51, -73]
[83, 109, 105, 116, 104, 55, 0]   ->   [65, 88, 52, -73]
[83, 109, 105, 116, 104, 56, 0]   ->   [65, 88, 48, -72]
[83, 109, 105, 116, 104, 56, 0]   ->   [65, 88, 49, -72]
[83, 109, 105, 116, 104, 56, 0]   ->   [65, 88, 50, -72]
[83, 109, 105, 116, 104, 56, 0]   ->   [65, 88, 51, -72]
[83, 109, 105, 116, 104, 56, 0]   ->   [65, 88, 52, -72]
[83, 109, 105, 116, 104, 57, 0]   ->   [65, 88, 48, -71]
[83, 109, 105, 116, 104, 57, 0]   ->   [65, 88, 49, -71]
[83, 109, 105, 116, 104, 57, 0]   ->   [65, 88, 50, -71]
[83, 109, 105, 116, 104, 57, 0]   ->   [65, 88, 51, -71]
[83, 109, 105, 116, 104, 57, 0]   ->   [65, 88, 52, -71]
[83, 109, 105, 116, 104, 48, 0]   ->   [65, 88, 48, -80]
[83, 109, 105, 116, 104, 48, 0]   ->   [65, 88, 49, -80]
[83, 109, 105, 116, 104, 48, 0]   ->   [65, 88, 50, -80]
[83, 109, 105, 116, 104, 48, 0]   ->   [65, 88, 51, -80]
[83, 109, 105, 116, 104, 48, 0]   ->   [65, 88, 52, -80]
[83, 109, 105, 116, 104, 49, 0]   ->   [65, 88, 48, -79]
[83, 109, 105, 116, 104, 49, 0]   ->   [65, 88, 49, -79]
[83, 109, 105, 116, 104, 49, 0]   ->   [65, 88, 50, -79]
[83, 109, 105, 116, 104, 49, 0]   ->   [65, 88, 51, -79]
[83, 109, 105, 116, 104, 49, 0]   ->   [65, 88, 52, -79]
[83, 109, 105, 116, 104, 50, 0]   ->   [65, 88, 48, -78]
[83, 109, 105, 116, 104, 50, 0]   ->   [65, 88, 49, -78]
[83, 109, 105, 116, 104, 50, 0]   ->   [65, 88, 50, -78]
[83, 109, 105, 116, 104, 50, 0]   ->   [65, 88, 51, -78]
[83, 109, 105, 116, 104, 50, 0]   ->   [65, 88, 52, -78]
[83, 109, 105, 116, 104, 51, 0]   ->   [65, 88, 48, -77]
[83, 109, 105, 116, 104, 51, 0]   ->   [65, 88, 49, -77]
[83, 109, 105, 116, 104, 51, 0]   ->   [65, 88, 50, -77]
[83, 109, 105, 116, 104, 51, 0]   ->   [65, 88, 51, -77]
[83, 109, 105, 116, 104, 51, 0]   ->   [65, 88, 52, -77]
[83, 109, 105, 116, 104, 52, 0]   ->   [65, 88, 48, -76]
[83, 109, 105, 116, 104, 52, 0]   ->   [65, 88, 49, -76]
[83, 109, 105, 116, 104, 52, 0]   ->   [65, 88, 50, -76]
[83, 109, 105, 116, 104, 52, 0]   ->   [65, 88, 51, -76]
[83, 109, 105, 116, 104, 52, 0]   ->   [65, 88, 52, -76]
[83, 109, 105, 116, 104, 53, 0]   ->   [65, 88, 48, -75]
[83, 109, 105, 116, 104, 53, 0]   ->   [65, 88, 49, -75]
[83, 109, 105, 116, 104, 53, 0]   ->   [65, 88, 50, -75]
[83, 109, 105, 116, 104, 53, 0]   ->   [65, 88, 51, -75]
[83, 109, 105, 116, 104, 53, 0]   ->   [65, 88, 52, -75]
[83, 109, 105, 116, 104, 54, 0]   ->   [65, 88, 48, -74]
[83, 109, 105, 116, 104, 54, 0]   ->   [65, 88, 49, -74]
[83, 109, 105, 116, 104, 54, 0]   ->   [65, 88, 50, -74]
[83, 109, 105, 116, 104, 54, 0]   ->   [65, 88, 51, -74]
[83, 109, 105, 116, 104, 54, 0]   ->   [65, 88, 52, -74]
[83, 109, 105, 116, 104, 55, 0]   ->   [65, 88, 48, -73]
[83, 109, 105, 116, 104, 55, 0]   ->   [65, 88, 49, -73]
[83, 109, 105, 116, 104, 55, 0]   ->   [65, 88, 50, -73]
[83, 109, 105, 116, 104, 55, 0]   ->   [65, 88, 51, -73]
[83, 109, 105, 116, 104, 55, 0]   ->   [65, 88, 52, -73]
[83, 109, 105, 116, 104, 56, 0]   ->   [65, 88, 48, -72]
[83, 109, 105, 116, 104, 56, 0]   ->   [65, 88, 49, -72]
[83, 109, 105, 116, 104, 56, 0]   ->   [65, 88, 50, -72]
[83, 109, 105, 116, 104, 56, 0]   ->   [65, 88, 51, -72]
[83, 109, 105, 116, 104, 56, 0]   ->   [65, 88, 52, -72]
[83, 109, 105, 116, 104, 57, 0]   ->   [65, 88, 48, -71]
[83, 109, 105, 116, 104, 57, 0]   ->   [65, 88, 49, -71]
[83, 109, 105, 116, 104, 57, 0]   ->   [65, 88, 50, -71]
[83, 109, 105, 116, 104, 57, 0]   ->   [65, 88, 51, -71]
[83, 109, 105, 116, 104, 57, 0]   ->   [65, 88, 52, -71]
[83, 109, 105, 116, 104, 48, 0]   ->   [65, 88, 48, -80]
[83, 109, 105, 116, 104, 48, 0]   ->   [65, 88, 49, -80]
[83, 109, 105, 116, 104, 48, 0]   ->   [65, 88, 50, -80]
[83, 109, 105, 116, 104, 48, 0]   ->   [65, 88, 51, -80]
[83, 109, 105, 116, 104, 48, 0]   ->   [65, 88, 52, -80]
[83, 109, 105, 116, 104, 49, 0]   ->   [65, 88, 48, -79]
[83, 109, 105, 116, 104, 49, 0]   ->   [65, 88, 49, -79]
[83, 109, 105, 116, 104, 49, 0]   ->   [65, 88, 50, -79]
[83, 109, 105, 116, 104, 49, 0]   ->   [65, 88, 51, -79]
[83, 109, 105, 116, 104, 49, 0]   ->   [65, 88, 52, -79]
[83, 109, 105, 116, 104, 50, 0]   ->   [65, 88, 48, -78]
[83, 109, 105, 116, 104, 50, 0]   ->   [65, 88, 49, -78]
[83, 109, 105, 116, 104, 50, 0]   ->   [65, 88, 50, -78]
[83, 109, 105, 116, 104, 50, 0]   ->   [65, 88, 51, -78]
[83, 109, 105, 116, 104, 50, 0]   ->   [65, 88, 52, -78]
[83, 109, 105, 116, 104, 51, 0]   ->   [65, 88, 48, -77]
[83, 109, 105, 116, 104, 51, 0]   ->   [65, 88, 49, -77]
[83, 109, 105, 116, 104, 51, 0]   ->   [65, 88, 50, -77]
[83, 109, 105, 116, 104, 51, 0]   ->   [65, 88, 51, -77]
[83, 109, 105, 116, 104, 51, 0]   ->   [65, 88, 52, -77]
[83, 109, 105, 116, 104, 52, 0]   ->   [65, 88, 48, -76]
[83, 109, 105, 116, 104, 52, 0]   ->   [65, 88, 49, -76]
[83, 109, 105, 116, 104, 52, 0]   ->   [65, 88, 50, -76]
[83, 109, 105, 116, 104, 52, 0]   ->   [65, 88, 51, -76]
[83, 109, 105, 116, 104, 52, 0]   ->   [65, 88, 52, -76]
[83, 109, 105, 116, 104, 53, 0]   ->   [65, 88, 48, -75]
[83, 109, 105, 116, 104, 53, 0]   ->   [65, 88, 49, -75]
[83, 109, 105, 116, 104, 53, 0]   ->   [65, 88, 50, -75]
[83, 109, 105, 116, 104, 53, 0]   ->   [65, 88, 51, -75]
[83, 109, 105, 116, 104, 53, 0]   ->   [65, 88, 52, -75]
[83, 109, 105, 116, 104, 54, 0]   ->   [65, 88, 48, -74]
[83, 109, 105, 116, 104, 54, 0]   ->   [65, 88, 49, -74]
[83, 109, 105, 116, 104, 54, 0]   ->   [65, 88, 50, -74]
[83, 109, 105, 116, 104, 54, 0]   ->   [65, 88, 51, -74]
[83, 109, 105, 116, 104, 54, 0]   ->   [65, 88, 52, -74]
[83, 109, 105, 116, 104, 55, 0]   ->   [65, 88, 48, -73]
[83, 109, 105, 116, 104, 55, 0]   ->   [65, 88, 49, -73]
[83, 109, 105, 116, 104, 55, 0]   ->   [65, 88, 50, -73]
[83, 109, 105, 116, 104, 55, 0]   ->   [65, 88, 51, -73]
[83, 109, 105, 116, 104, 55, 0]   ->   [65, 88, 52, -73]
[83, 109, 105, 116, 104, 56, 0]   ->   [65, 88, 48, -72]
[83, 109, 105, 116, 104, 56, 0]   ->   [65, 88, 49, -72]
[83, 109, 105, 116, 104, 56, 0]   ->   [65, 88, 50, -72]
[83, 109, 105, 116, 104, 56, 0]   ->   [65, 88, 51, -72]
[83, 109, 105, 116, 104, 56, 0]   ->   [65, 88, 52, -72]
[83, 109, 105, 116, 104, 57, 0]   ->   [65, 88, 48, -71]
[83, 109, 105, 116, 104, 57, 0]   ->   [65, 88, 49, -71]
[83, 109, 105, 116, 104, 57, 0]   ->   [65, 88, 50, -71]
[83, 109, 105, 116, 104, 57, 0]   ->   [65, 88, 51, -71]
[83, 109, 105, 116, 104, 57, 0]   ->   [65, 88, 52, -71]
]]></system-out>
  <system-err><![CDATA[SLF4J: Failed to load class "org.slf4j.impl.StaticLoggerBinder".
SLF4J: Defaulting to no-operation (NOP) logger implementation
SLF4J: See http://www.slf4j.org/codes.html#StaticLoggerBinder for further details.
]]></system-err>
</testsuite>
